Records jb2_start_of_image
Records jb2_new_symbol_add_to_image_and_library:	id: 0	x: 40	y: 779	
Records jb2_new_symbol_add_to_image_and_library:	id: 1	x: 157	y: 785	
Records jb2_new_symbol_add_to_image_and_library:	id: 2	x: 307	y: 752	
Records jb2_new_symbol_add_to_image_and_library:	id: 3	x: 348	y: 775	
Records jb2_new_symbol_add_to_image_and_library:	id: 4	x: 427	y: 775	
Records jb2_new_symbol_add_to_image_and_library:	id: 5	x: 572	y: 774	
Records jb2_new_symbol_add_to_image_and_library:	id: 6	x: 667	y: 777	
Records jb2_new_symbol_add_to_image_and_library:	id: 7	x: 793	y: 781	
Records jb2_new_symbol_add_to_image_and_library:	id: 8	x: 926	y: 779	
Records jb2_new_symbol_add_to_image_and_library:	id: 9	x: 926	y: 763	
Records jb2_new_symbol_add_to_image_and_library:	id: 10	x: 1058	y: 785	
Records jb2_new_symbol_add_to_image_and_library:	id: 11	x: 1181	y: 781	
Records jb2_new_symbol_add_to_image_and_library:	id: 12	x: 1279	y: 739	
Records jb2_new_symbol_add_to_image_and_library:	id: 13	x: 1293	y: 779	
Records jb2_new_symbol_add_to_image_and_library:	id: 14	x: 1448	y: 769	
Records jb2_new_symbol_add_to_image_and_library:	id: 15	x: 1515	y: 720	
Records jb2_new_symbol_add_to_image_and_library:	id: 16	x: 1596	y: 771	
Records jb2_new_symbol_add_to_image_and_library:	id: 17	x: 1746	y: 782	
Records jb2_new_symbol_add_to_image_and_library:	id: 18	x: 1882	y: 777	
Records jb2_new_symbol_add_to_image_and_library:	id: 19	x: 2032	y: 779	
Records jb2_new_symbol_add_to_image_and_library:	id: 20	x: 2176	y: 785	
Records jb2_new_symbol_add_to_image_and_library:	id: 21	x: 2317	y: 783	
Records jb2_new_symbol_add_to_image_and_library:	id: 22	x: 2471	y: 774	
Records jb2_new_symbol_add_to_image_and_library:	id: 23	x: 2595	y: 781	
Records jb2_new_symbol_add_to_image_and_library:	id: 24	x: 2622	y: 721	
Records jb2_new_symbol_add_to_image_and_library:	id: 25	x: 2755	y: 776	
Records jb2_new_symbol_add_to_image_and_library:	id: 26	x: 2869	y: 786	
Records jb2_new_symbol_add_to_image_and_library:	id: 27	x: 1814	y: 646	
Records jb2_new_symbol_add_to_image_and_library:	id: 28	x: 40	y: 567	
Records jb2_new_symbol_add_to_image_and_library:	id: 29	x: 105	y: 572	
Records jb2_new_symbol_add_to_image_and_library:	id: 30	x: 113	y: 602	
Records jb2_new_symbol_add_to_image_and_library:	id: 31	x: 181	y: 592	
Records jb2_new_symbol_add_to_image_and_library:	id: 32	x: 262	y: 567	
Records jb2_new_symbol_add_to_image_and_library:	id: 33	x: 331	y: 596	
Records jb2_new_symbol_add_to_image_and_library:	id: 34	x: 414	y: 579	
Records jb2_new_symbol_add_to_image_and_library:	id: 35	x: 496	y: 587	
Records jb2_new_symbol_add_to_image_and_library:	id: 36	x: 581	y: 581	
Records jb2_new_symbol_add_to_image_and_library:	id: 37	x: 685	y: 544	
Records jb2_new_symbol_add_to_image_and_library:	id: 38	x: 701	y: 578	
Records jb2_matched_symbol_with_refinement_add_to_image_and_library:	id: 39	x: 826	y: 568	
Records jb2_new_symbol_add_to_image_and_library:	id: 40	x: 891	y: 569	
Records jb2_new_symbol_add_to_image_and_library:	id: 41	x: 903	y: 598	
Records jb2_new_symbol_add_to_image_and_library:	id: 42	x: 969	y: 603	
Records jb2_new_symbol_add_to_image_and_library:	id: 43	x: 1029	y: 604	
Records jb2_new_symbol_add_to_image_and_library:	id: 44	x: 1121	y: 602	
Records jb2_new_symbol_add_to_image_and_library:	id: 45	x: 1194	y: 563	
Records jb2_new_symbol_add_to_image_and_library:	id: 46	x: 1276	y: 595	
Records jb2_new_symbol_add_to_image_and_library:	id: 47	x: 1312	y: 589	
Records jb2_new_symbol_add_to_image_and_library:	id: 48	x: 1365	y: 567	
Records jb2_new_symbol_add_to_image_and_library:	id: 49	x: 1381	y: 593	
Records jb2_new_symbol_add_to_image_and_library:	id: 50	x: 1392	y: 547	
Records jb2_new_symbol_add_to_image_and_library:	id: 51	x: 1409	y: 571	
Records jb2_new_symbol_add_to_image_and_library:	id: 52	x: 1414	y: 599	
Records jb2_new_symbol_add_to_image_and_library:	id: 53	x: 1461	y: 597	
Records jb2_new_symbol_add_to_image_and_library:	id: 54	x: 1461	y: 568	
Records jb2_new_symbol_add_to_image_and_library:	id: 55	x: 1508	y: 570	
Records jb2_new_symbol_add_to_image_and_library:	id: 56	x: 1521	y: 597	
Records jb2_new_symbol_add_to_image_and_library:	id: 57	x: 1549	y: 599	
Records jb2_new_symbol_add_to_image_and_library:	id: 58	x: 1589	y: 602	
Records jb2_new_symbol_add_to_image_and_library:	id: 59	x: 1640	y: 569	
Records jb2_new_symbol_add_to_image_and_library:	id: 60	x: 1758	y: 576	
Records jb2_new_symbol_add_to_image_and_library:	id: 61	x: 1768	y: 603	
Records jb2_new_symbol_add_to_image_and_library:	id: 62	x: 1883	y: 565	
Records jb2_new_symbol_add_to_image_and_library:	id: 63	x: 1962	y: 605	
Records jb2_new_symbol_add_to_image_and_library:	id: 64	x: 1962	y: 570	
Records jb2_new_symbol_add_to_image_and_library:	id: 65	x: 2043	y: 568	
Records jb2_new_symbol_add_to_image_and_library:	id: 66	x: 2122	y: 569	
Records jb2_new_symbol_add_to_image_and_library:	id: 67	x: 2145	y: 601	
Records jb2_new_symbol_add_to_image_and_library:	id: 68	x: 2209	y: 569	
Records jb2_new_symbol_add_to_image_and_library:	id: 69	x: 2293	y: 563	
Records jb2_new_symbol_add_to_image_and_library:	id: 70	x: 2299	y: 589	
Records jb2_new_symbol_add_to_image_and_library:	id: 71	x: 2376	y: 567	
Records jb2_new_symbol_add_to_image_and_library:	id: 72	x: 2457	y: 568	
Records jb2_new_symbol_add_to_image_and_library:	id: 73	x: 2559	y: 569	
Records jb2_new_symbol_add_to_image_and_library:	id: 74	x: 2642	y: 569	
Records jb2_new_symbol_add_to_image_and_library:	id: 75	x: 2653	y: 598	
Records jb2_new_symbol_add_to_image_and_library:	id: 76	x: 2722	y: 563	
Records jb2_new_symbol_add_to_image_and_library:	id: 77	x: 2740	y: 594	
Records jb2_new_symbol_add_to_image_and_library:	id: 78	x: 2801	y: 571	
Records jb2_new_symbol_add_to_image_and_library:	id: 79	x: 2851	y: 496	
Records jb2_matched_symbol_with_refinement_add_to_image_and_library:	id: 80	x: 2912	y: 569	
Records jb2_new_symbol_add_to_image_and_library:	id: 81	x: 2924	y: 597	
Records jb2_new_symbol_add_to_image_and_library:	id: 82	x: 0	y: 356	
Records jb2_new_symbol_add_to_image_and_library:	id: 83	x: 39	y: 399	
Records jb2_new_symbol_add_to_image_and_library:	id: 84	x: 101	y: 423	
Records jb2_new_symbol_add_to_image_and_library:	id: 85	x: 163	y: 401	
Records jb2_new_symbol_add_to_image_and_library:	id: 86	x: 211	y: 399	
Records jb2_new_symbol_add_to_image_and_library:	id: 87	x: 286	y: 404	
Records jb2_new_symbol_add_to_image_and_library:	id: 88	x: 298	y: 432	
Records jb2_new_symbol_add_to_image_and_library:	id: 89	x: 326	y: 431	
Records jb2_new_symbol_add_to_image_and_library:	id: 90	x: 365	y: 398	
Records jb2_new_symbol_add_to_image_and_library:	id: 91	x: 409	y: 432	
Records jb2_new_symbol_add_to_image_and_library:	id: 92	x: 459	y: 432	
Records jb2_new_symbol_add_to_image_and_library:	id: 93	x: 541	y: 428	
Records jb2_new_symbol_add_to_image_and_library:	id: 94	x: 630	y: 404	
Records jb2_new_symbol_add_to_image_and_library:	id: 95	x: 682	y: 435	
Records jb2_new_symbol_add_to_image_and_library:	id: 96	x: 741	y: 397	
Records jb2_matched_symbol_with_refinement_add_to_image_and_library:	id: 97	x: 811	y: 399	
Records jb2_new_symbol_add_to_image_and_library:	id: 98	x: 831	y: 430	
Records jb2_new_symbol_add_to_image_and_library:	id: 99	x: 886	y: 400	
Records jb2_new_symbol_add_to_image_and_library:	id: 100	x: 983	y: 434	
Records jb2_new_symbol_add_to_image_and_library:	id: 101	x: 1019	y: 324	
Records jb2_new_symbol_add_to_image_and_library:	id: 102	x: 1087	y: 397	
Records jb2_new_symbol_add_to_image_and_library:	id: 103	x: 1159	y: 398	
Records jb2_new_symbol_add_to_image_and_library:	id: 104	x: 1244	y: 400	
Records jb2_new_symbol_add_to_image_and_library:	id: 105	x: 1308	y: 401	
Records jb2_new_symbol_add_to_image_and_library:	id: 106	x: 1341	y: 364	
Records jb2_new_symbol_add_to_image_and_library:	id: 107	x: 1395	y: 394	
Records jb2_new_symbol_add_to_image_and_library:	id: 108	x: 1464	y: 400	
Records jb2_new_symbol_add_to_image_and_library:	id: 109	x: 1522	y: 393	
Records jb2_new_symbol_add_to_image_and_library:	id: 110	x: 1609	y: 416	
Records jb2_new_symbol_add_to_image_and_library:	id: 111	x: 1708	y: 410	
Records jb2_new_symbol_add_to_image_and_library:	id: 112	x: 1763	y: 364	
Records jb2_matched_symbol_with_refinement_add_to_image_and_library:	id: 113	x: 1764	y: 348	
Records jb2_new_symbol_add_to_image_and_library:	id: 114	x: 1812	y: 395	
Records jb2_new_symbol_add_to_image_and_library:	id: 115	x: 1813	y: 347	
Records jb2_new_symbol_add_to_image_and_library:	id: 116	x: 1864	y: 349	
Records jb2_new_symbol_add_to_image_and_library:	id: 117	x: 2000	y: 400	
Records jb2_new_symbol_add_to_image_and_library:	id: 118	x: 2105	y: 412	
Records jb2_new_symbol_add_to_image_and_library:	id: 119	x: 2172	y: 406	
Records jb2_new_symbol_add_to_image_and_library:	id: 120	x: 2254	y: 406	
Records jb2_new_symbol_add_to_image_and_library:	id: 121	x: 2328	y: 412	
Records jb2_new_symbol_add_to_image_and_library:	id: 122	x: 2423	y: 401	
Records jb2_new_symbol_add_to_image_and_library:	id: 123	x: 2486	y: 408	
Records jb2_new_symbol_add_to_image_and_library:	id: 124	x: 2567	y: 398	
Records jb2_new_symbol_add_to_image_and_library:	id: 125	x: 2649	y: 405	
Records jb2_new_symbol_add_to_image_and_library:	id: 126	x: 2727	y: 405	
Records jb2_matched_symbol_copy_to_image_without_refinement:	id: 37	x: 3027	y: 299	
Records jb2_new_symbol_add_to_image_and_library:	id: 127	x: 1153	y: 191	
Records jb2_new_symbol_add_to_image_and_library:	id: 128	x: 1308	y: 199	
Records jb2_new_symbol_add_to_image_and_library:	id: 129	x: 1459	y: 182	
Records jb2_new_symbol_add_to_image_and_library:	id: 130	x: 1695	y: 205	
Records jb2_new_symbol_add_to_image_and_library:	id: 131	x: 1184	y: 300	
Records jb2_new_symbol_add_to_image_and_library:	id: 132	x: 114	y: 548	
Records jb2_new_symbol_add_to_image_and_library:	id: 133	x: 1705	y: 492	
Records jb2_new_symbol_add_to_image_and_library:	id: 134	x: 2165	y: 445	
Records jb2_new_symbol_add_to_image_and_library:	id: 135	x: 2660	y: 473	
Records jb2_new_symbol_add_to_image_and_library:	id: 136	x: 3024	y: 305	
Records jb2_new_symbol_add_to_image_and_library:	id: 137	x: 57	y: 765	
Records jb2_new_symbol_add_to_image_and_library:	id: 138	x: 643	y: 703	
Records jb2_new_symbol_add_to_image_and_library:	id: 139	x: 1167	y: 753	
Records jb2_new_symbol_add_to_image_and_library:	id: 140	x: 1387	y: 773	
Records jb2_new_symbol_add_to_image_and_library:	id: 141	x: 2189	y: 737	
Records jb2_new_symbol_add_to_image_and_library:	id: 142	x: 2542	y: 750	
Records jb2_end_of_data
