Records jb2_start_of_image
Records jb2_new_symbol_add_to_image_and_library:	id: 0	x: 27	y: 349	
Records jb2_new_symbol_add_to_image_and_library:	id: 1	x: 95	y: 349	
Records jb2_new_symbol_add_to_image_and_library:	id: 2	x: 155	y: 350	
Records jb2_new_symbol_add_to_image_and_library:	id: 3	x: 222	y: 351	
Records jb2_new_symbol_add_to_image_and_library:	id: 4	x: 290	y: 349	
Records jb2_new_symbol_add_to_image_and_library:	id: 5	x: 348	y: 355	
Records jb2_new_symbol_add_to_image_and_library:	id: 6	x: 395	y: 351	
Records jb2_new_symbol_add_to_image_and_library:	id: 7	x: 466	y: 352	
Records jb2_new_symbol_add_to_image_and_library:	id: 8	x: 550	y: 350	
Records jb2_new_symbol_add_to_image_and_library:	id: 9	x: 587	y: 352	
Records jb2_new_symbol_add_to_image_and_library:	id: 10	x: 642	y: 352	
Records jb2_new_symbol_add_to_image_and_library:	id: 11	x: 727	y: 353	
Records jb2_new_symbol_add_to_image_and_library:	id: 12	x: 801	y: 354	
Records jb2_new_symbol_add_to_image_and_library:	id: 13	x: 886	y: 353	
Records jb2_new_symbol_add_to_image_and_library:	id: 14	x: 942	y: 349	
Records jb2_new_symbol_add_to_image_and_library:	id: 15	x: 1006	y: 322	
Records jb2_new_symbol_add_to_image_and_library:	id: 16	x: 1056	y: 353	
Records jb2_new_symbol_add_to_image_and_library:	id: 17	x: 1137	y: 355	
Records jb2_new_symbol_add_to_image_and_library:	id: 18	x: 1198	y: 355	
Records jb2_new_symbol_add_to_image_and_library:	id: 19	x: 1265	y: 356	
Records jb2_new_symbol_add_to_image_and_library:	id: 20	x: 28	y: 218	
Records jb2_new_symbol_add_to_image_and_library:	id: 21	x: 67	y: 247	
Records jb2_new_symbol_add_to_image_and_library:	id: 22	x: 69	y: 214	
Records jb2_new_symbol_add_to_image_and_library:	id: 23	x: 111	y: 214	
Records jb2_new_symbol_add_to_image_and_library:	id: 24	x: 122	y: 230	
Records jb2_new_symbol_add_to_image_and_library:	id: 25	x: 151	y: 216	
Records jb2_new_symbol_add_to_image_and_library:	id: 26	x: 207	y: 239	
Records jb2_new_symbol_add_to_image_and_library:	id: 27	x: 253	y: 217	
Records jb2_new_symbol_add_to_image_and_library:	id: 28	x: 290	y: 235	
Records jb2_new_symbol_add_to_image_and_library:	id: 29	x: 357	y: 238	
Records jb2_new_symbol_add_to_image_and_library:	id: 30	x: 395	y: 210	
Records jb2_matched_symbol_with_refinement_add_to_image_and_library:	id: 31	x: 402	y: 214	
Records jb2_new_symbol_add_to_image_and_library:	id: 32	x: 437	y: 214	
Records jb2_new_symbol_add_to_image_and_library:	id: 33	x: 448	y: 236	
Records jb2_new_symbol_add_to_image_and_library:	id: 34	x: 479	y: 244	
Records jb2_new_symbol_add_to_image_and_library:	id: 35	x: 517	y: 241	
Records jb2_new_symbol_add_to_image_and_library:	id: 36	x: 553	y: 244	
Records jb2_new_symbol_add_to_image_and_library:	id: 37	x: 599	y: 184	
Records jb2_new_symbol_add_to_image_and_library:	id: 38	x: 600	y: 208	
Records jb2_new_symbol_add_to_image_and_library:	id: 39	x: 608	y: 242	
Records jb2_new_symbol_add_to_image_and_library:	id: 40	x: 652	y: 208	
Records jb2_new_symbol_add_to_image_and_library:	id: 41	x: 658	y: 215	
Records jb2_new_symbol_add_to_image_and_library:	id: 42	x: 696	y: 208	
Records jb2_new_symbol_add_to_image_and_library:	id: 43	x: 705	y: 234	
Records jb2_new_symbol_add_to_image_and_library:	id: 44	x: 750	y: 215	
Records jb2_new_symbol_add_to_image_and_library:	id: 45	x: 753	y: 234	
Records jb2_new_symbol_add_to_image_and_library:	id: 46	x: 774	y: 214	
Records jb2_new_symbol_add_to_image_and_library:	id: 47	x: 797	y: 212	
Records jb2_new_symbol_add_to_image_and_library:	id: 48	x: 798	y: 232	
Records jb2_new_symbol_add_to_image_and_library:	id: 49	x: 821	y: 216	
Records jb2_new_symbol_add_to_image_and_library:	id: 50	x: 831	y: 239	
Records jb2_matched_symbol_with_refinement_add_to_image_and_library:	id: 51	x: 846	y: 238	
Records jb2_new_symbol_add_to_image_and_library:	id: 52	x: 863	y: 238	
Records jb2_new_symbol_add_to_image_and_library:	id: 53	x: 908	y: 244	
Records jb2_new_symbol_add_to_image_and_library:	id: 54	x: 937	y: 213	
Records jb2_new_symbol_add_to_image_and_library:	id: 55	x: 1003	y: 217	
Records jb2_new_symbol_add_to_image_and_library:	id: 56	x: 1022	y: 234	
Records jb2_new_symbol_add_to_image_and_library:	id: 57	x: 1070	y: 216	
Records jb2_new_symbol_add_to_image_and_library:	id: 58	x: 1116	y: 216	
Records jb2_new_symbol_add_to_image_and_library:	id: 59	x: 1124	y: 232	
Records jb2_new_symbol_add_to_image_and_library:	id: 60	x: 1157	y: 214	
Records jb2_matched_symbol_with_refinement_add_to_image_and_library:	id: 61	x: 1196	y: 213	
Records jb2_matched_symbol_with_refinement_add_to_image_and_library:	id: 62	x: 1203	y: 235	
Records jb2_new_symbol_add_to_image_and_library:	id: 63	x: 1237	y: 218	
Records jb2_new_symbol_add_to_image_and_library:	id: 64	x: 1298	y: 213	
Records jb2_new_symbol_add_to_image_and_library:	id: 65	x: 24	y: 104	
Records jb2_new_symbol_add_to_image_and_library:	id: 66	x: 80	y: 101	
Records jb2_new_symbol_add_to_image_and_library:	id: 67	x: 129	y: 101	
Records jb2_new_symbol_add_to_image_and_library:	id: 68	x: 175	y: 100	
Records jb2_new_symbol_add_to_image_and_library:	id: 69	x: 224	y: 100	
Records jb2_new_symbol_add_to_image_and_library:	id: 70	x: 234	y: 121	
Records jb2_new_symbol_add_to_image_and_library:	id: 71	x: 274	y: 99	
Records jb2_new_symbol_add_to_image_and_library:	id: 72	x: 279	y: 116	
Records jb2_new_symbol_add_to_image_and_library:	id: 73	x: 324	y: 100	
Records jb2_new_symbol_add_to_image_and_library:	id: 74	x: 345	y: 124	
Records jb2_new_symbol_add_to_image_and_library:	id: 75	x: 386	y: 99	
Records jb2_new_symbol_add_to_image_and_library:	id: 76	x: 444	y: 104	
Records jb2_new_symbol_add_to_image_and_library:	id: 77	x: 477	y: 104	
Records jb2_new_symbol_add_to_image_and_library:	id: 78	x: 511	y: 130	
Records jb2_new_symbol_add_to_image_and_library:	id: 79	x: 546	y: 128	
Records jb2_new_symbol_add_to_image_and_library:	id: 80	x: 606	y: 127	
Records jb2_matched_symbol_copy_to_image_without_refinement:	id: 42	x: 654	y: 82	
Records jb2_new_symbol_add_to_image_and_library:	id: 81	x: 659	y: 108	
Records jb2_matched_symbol_with_refinement_add_to_image_and_library:	id: 82	x: 690	y: 108	
Records jb2_new_symbol_add_to_image_and_library:	id: 83	x: 705	y: 134	
Records jb2_new_symbol_add_to_image_and_library:	id: 84	x: 732	y: 105	
Records jb2_matched_symbol_with_refinement_add_to_image_and_library:	id: 85	x: 776	y: 104	
Records jb2_matched_symbol_with_refinement_add_to_image_and_library:	id: 86	x: 782	y: 125	
Records jb2_new_symbol_add_to_image_and_library:	id: 87	x: 823	y: 103	
Records jb2_new_symbol_add_to_image_and_library:	id: 88	x: 869	y: 104	
Records jb2_new_symbol_add_to_image_and_library:	id: 89	x: 917	y: 106	
Records jb2_new_symbol_add_to_image_and_library:	id: 90	x: 960	y: 109	
Records jb2_new_symbol_add_to_image_and_library:	id: 91	x: 1015	y: 122	
Records jb2_new_symbol_add_to_image_and_library:	id: 92	x: 1084	y: 108	
Records jb2_new_symbol_add_to_image_and_library:	id: 93	x: 1131	y: 72	
Records jb2_new_symbol_add_to_image_and_library:	id: 94	x: 1138	y: 124	
Records jb2_new_symbol_add_to_image_and_library:	id: 95	x: 1182	y: 124	
Records jb2_new_symbol_add_to_image_and_library:	id: 96	x: 1226	y: 111	
Records jb2_new_symbol_add_to_image_and_library:	id: 97	x: 1232	y: 109	
Records jb2_new_symbol_add_to_image_and_library:	id: 98	x: 1260	y: 84	
Records jb2_new_symbol_add_to_image_and_library:	id: 99	x: 1261	y: 108	
Records jb2_new_symbol_add_to_image_and_library:	id: 100	x: 1288	y: 82	
Records jb2_new_symbol_add_to_image_and_library:	id: 101	x: 1315	y: 83	
Records jb2_new_symbol_add_to_image_and_library:	id: 102	x: 266	y: 53	
Records jb2_new_symbol_add_to_image_and_library:	id: 103	x: 317	y: 52	
Records jb2_new_symbol_add_to_image_and_library:	id: 104	x: 377	y: 52	
Records jb2_new_symbol_add_to_image_and_library:	id: 105	x: 62	y: 208	
Records jb2_new_symbol_add_to_image_and_library:	id: 106	x: 654	y: 208	
Records jb2_new_symbol_add_to_image_and_library:	id: 107	x: 1132	y: 209	
Records jb2_new_symbol_add_to_image_and_library:	id: 108	x: 1257	y: 353	
Records jb2_end_of_data
