Records jb2_start_of_image
Records jb2_new_symbol_add_to_image_and_library:	id: 0	x: 106	y: 1963	
Records jb2_new_symbol_add_to_image_and_library:	id: 1	x: 275	y: 1960	
Records jb2_new_symbol_add_to_image_and_library:	id: 2	x: 375	y: 1953	
Records jb2_new_symbol_add_to_image_and_library:	id: 3	x: 459	y: 1950	
Records jb2_new_symbol_add_to_image_and_library:	id: 4	x: 609	y: 1949	
Records jb2_new_symbol_add_to_image_and_library:	id: 5	x: 785	y: 1941	
Records jb2_new_symbol_add_to_image_and_library:	id: 6	x: 814	y: 1893	
Records jb2_new_symbol_add_to_image_and_library:	id: 7	x: 842	y: 1882	
Records jb2_new_symbol_add_to_image_and_library:	id: 8	x: 850	y: 1883	
Records jb2_new_symbol_add_to_image_and_library:	id: 9	x: 858	y: 1884	
Records jb2_new_symbol_add_to_image_and_library:	id: 10	x: 864	y: 1884	
Records jb2_new_symbol_add_to_image_and_library:	id: 11	x: 869	y: 1883	
Records jb2_new_symbol_add_to_image_and_library:	id: 12	x: 954	y: 1919	
Records jb2_new_symbol_add_to_image_and_library:	id: 13	x: 1000	y: 1927	
Records jb2_new_symbol_add_to_image_and_library:	id: 14	x: 1005	y: 1869	
Records jb2_new_symbol_add_to_image_and_library:	id: 15	x: 1021	y: 1947	
Records jb2_new_symbol_add_to_image_and_library:	id: 16	x: 1130	y: 1935	
Records jb2_new_symbol_add_to_image_and_library:	id: 17	x: 1143	y: 1965	
Records jb2_new_symbol_add_to_image_and_library:	id: 18	x: 1213	y: 1903	
Records jb2_new_symbol_add_to_image_and_library:	id: 19	x: 1297	y: 1941	
Records jb2_new_symbol_add_to_image_and_library:	id: 20	x: 1388	y: 1951	
Records jb2_new_symbol_add_to_image_and_library:	id: 21	x: 1484	y: 1954	
Records jb2_new_symbol_add_to_image_and_library:	id: 22	x: 1490	y: 1798	
Records jb2_new_symbol_add_to_image_and_library:	id: 23	x: 1661	y: 1963	
Records jb2_new_symbol_add_to_image_and_library:	id: 24	x: 1732	y: 1800	
Records jb2_new_symbol_add_to_image_and_library:	id: 25	x: 1826	y: 1979	
Records jb2_new_symbol_add_to_image_and_library:	id: 26	x: 1877	y: 1942	
Records jb2_matched_symbol_with_refinement_add_to_image_and_library:	id: 27	x: 1963	y: 1853	
Records jb2_new_symbol_add_to_image_and_library:	id: 28	x: 2004	y: 1965	
Records jb2_new_symbol_add_to_image_and_library:	id: 29	x: 2184	y: 1945	
Records jb2_new_symbol_add_to_image_and_library:	id: 30	x: 2334	y: 1948	
Records jb2_new_symbol_add_to_image_and_library:	id: 31	x: 2539	y: 1953	
Records jb2_new_symbol_add_to_image_and_library:	id: 32	x: 2726	y: 1947	
Records jb2_new_symbol_add_to_image_and_library:	id: 33	x: 306	y: 1697	
Records jb2_new_symbol_add_to_image_and_library:	id: 34	x: 466	y: 1701	
Records jb2_new_symbol_add_to_image_and_library:	id: 35	x: 629	y: 1701	
Records jb2_new_symbol_add_to_image_and_library:	id: 36	x: 687	y: 1596	
Records jb2_new_symbol_add_to_image_and_library:	id: 37	x: 687	y: 1591	
Records jb2_new_symbol_add_to_image_and_library:	id: 38	x: 691	y: 1530	
Records jb2_new_symbol_add_to_image_and_library:	id: 39	x: 802	y: 1685	
Records jb2_new_symbol_add_to_image_and_library:	id: 40	x: 877	y: 1688	
Records jb2_new_symbol_add_to_image_and_library:	id: 41	x: 880	y: 1621	
Records jb2_new_symbol_add_to_image_and_library:	id: 42	x: 881	y: 1624	
Records jb2_new_symbol_add_to_image_and_library:	id: 43	x: 881	y: 1620	
Records jb2_new_symbol_add_to_image_and_library:	id: 44	x: 953	y: 1688	
Records jb2_new_symbol_add_to_image_and_library:	id: 45	x: 1126	y: 1691	
Records jb2_new_symbol_add_to_image_and_library:	id: 46	x: 1298	y: 1692	
Records jb2_new_symbol_add_to_image_and_library:	id: 47	x: 1480	y: 1691	
Records jb2_new_symbol_add_to_image_and_library:	id: 48	x: 1489	y: 1594	
Records jb2_new_symbol_add_to_image_and_library:	id: 49	x: 1660	y: 1688	
Records jb2_new_symbol_add_to_image_and_library:	id: 50	x: 1664	y: 1687	
Records jb2_new_symbol_add_to_image_and_library:	id: 51	x: 1847	y: 1687	
Records jb2_new_symbol_add_to_image_and_library:	id: 52	x: 2026	y: 1696	
Records jb2_new_symbol_add_to_image_and_library:	id: 53	x: 2122	y: 1539	
Records jb2_new_symbol_add_to_image_and_library:	id: 54	x: 2199	y: 1691	
Records jb2_new_symbol_add_to_image_and_library:	id: 55	x: 2345	y: 1657	
Records jb2_new_symbol_add_to_image_and_library:	id: 56	x: 2349	y: 1690	
Records jb2_new_symbol_add_to_image_and_library:	id: 57	x: 2386	y: 1663	
Records jb2_matched_symbol_with_refinement_add_to_image_and_library:	id: 58	x: 2418	y: 1686	
Records jb2_matched_symbol_with_refinement_add_to_image_and_library:	id: 59	x: 2503	y: 1691	
Records jb2_new_symbol_add_to_image_and_library:	id: 60	x: 2564	y: 1719	
Records jb2_new_symbol_add_to_image_and_library:	id: 61	x: 2637	y: 1686	
Records jb2_new_symbol_add_to_image_and_library:	id: 62	x: 2678	y: 1699	
Records jb2_new_symbol_add_to_image_and_library:	id: 63	x: 1663	y: 1452	
Records jb2_new_symbol_add_to_image_and_library:	id: 64	x: 1331	y: 1390	
Records jb2_new_symbol_add_to_image_and_library:	id: 65	x: 1371	y: 1368	
Records jb2_new_symbol_add_to_image_and_library:	id: 66	x: 107	y: 1306	
Records jb2_new_symbol_add_to_image_and_library:	id: 67	x: 206	y: 1292	
Records jb2_new_symbol_add_to_image_and_library:	id: 68	x: 306	y: 1308	
Records jb2_new_symbol_add_to_image_and_library:	id: 69	x: 396	y: 1344	
Records jb2_new_symbol_add_to_image_and_library:	id: 70	x: 471	y: 1350	
Records jb2_new_symbol_add_to_image_and_library:	id: 71	x: 490	y: 1310	
Records jb2_new_symbol_add_to_image_and_library:	id: 72	x: 590	y: 1273	
Records jb2_new_symbol_add_to_image_and_library:	id: 73	x: 655	y: 1298	
Records jb2_new_symbol_add_to_image_and_library:	id: 74	x: 742	y: 1312	
Records jb2_new_symbol_add_to_image_and_library:	id: 75	x: 843	y: 1285	
Records jb2_new_symbol_add_to_image_and_library:	id: 76	x: 928	y: 1319	
Records jb2_new_symbol_add_to_image_and_library:	id: 77	x: 989	y: 1326	
Records jb2_new_symbol_add_to_image_and_library:	id: 78	x: 1107	y: 1326	
Records jb2_new_symbol_add_to_image_and_library:	id: 79	x: 1217	y: 1290	
Records jb2_new_symbol_add_to_image_and_library:	id: 80	x: 1324	y: 1294	
Records jb2_new_symbol_add_to_image_and_library:	id: 81	x: 1348	y: 1338	
Records jb2_new_symbol_add_to_image_and_library:	id: 82	x: 1436	y: 1288	
Records jb2_new_symbol_add_to_image_and_library:	id: 83	x: 1580	y: 1322	
Records jb2_new_symbol_add_to_image_and_library:	id: 84	x: 1687	y: 1317	
Records jb2_new_symbol_add_to_image_and_library:	id: 85	x: 1787	y: 1344	
Records jb2_new_symbol_add_to_image_and_library:	id: 86	x: 1870	y: 1338	
Records jb2_new_symbol_add_to_image_and_library:	id: 87	x: 1997	y: 1331	
Records jb2_new_symbol_add_to_image_and_library:	id: 88	x: 2104	y: 1287	
Records jb2_new_symbol_add_to_image_and_library:	id: 89	x: 2186	y: 1288	
Records jb2_new_symbol_add_to_image_and_library:	id: 90	x: 2202	y: 1317	
Records jb2_new_symbol_add_to_image_and_library:	id: 91	x: 2270	y: 1280	
Records jb2_new_symbol_add_to_image_and_library:	id: 92	x: 2280	y: 1310	
Records jb2_new_symbol_add_to_image_and_library:	id: 93	x: 2341	y: 1282	
Records jb2_new_symbol_add_to_image_and_library:	id: 94	x: 2417	y: 1284	
Records jb2_new_symbol_add_to_image_and_library:	id: 95	x: 2430	y: 1314	
Records jb2_new_symbol_add_to_image_and_library:	id: 96	x: 2493	y: 1284	
Records jb2_matched_symbol_with_refinement_add_to_image_and_library:	id: 97	x: 2508	y: 1313	
Records jb2_new_symbol_add_to_image_and_library:	id: 98	x: 2578	y: 1332	
Records jb2_new_symbol_add_to_image_and_library:	id: 99	x: 2655	y: 1342	
Records jb2_new_symbol_add_to_image_and_library:	id: 100	x: 2733	y: 1336	
Records jb2_new_symbol_add_to_image_and_library:	id: 101	x: 2810	y: 1330	
Records jb2_new_symbol_add_to_image_and_library:	id: 102	x: 1122	y: 1152	
Records jb2_new_symbol_add_to_image_and_library:	id: 103	x: 96	y: 1079	
Records jb2_new_symbol_add_to_image_and_library:	id: 104	x: 120	y: 1063	
Records jb2_new_symbol_add_to_image_and_library:	id: 105	x: 159	y: 1046	
Records jb2_new_symbol_add_to_image_and_library:	id: 106	x: 175	y: 1071	
Records jb2_new_symbol_add_to_image_and_library:	id: 107	x: 185	y: 1008	
Records jb2_new_symbol_add_to_image_and_library:	id: 108	x: 226	y: 988	
Records jb2_new_symbol_add_to_image_and_library:	id: 109	x: 231	y: 1012	
Records jb2_new_symbol_add_to_image_and_library:	id: 110	x: 342	y: 1013	
Records jb2_new_symbol_add_to_image_and_library:	id: 111	x: 345	y: 1074	
Records jb2_new_symbol_add_to_image_and_library:	id: 112	x: 509	y: 1016	
Records jb2_new_symbol_add_to_image_and_library:	id: 113	x: 608	y: 1061	
Records jb2_new_symbol_add_to_image_and_library:	id: 114	x: 731	y: 1008	
Records jb2_new_symbol_add_to_image_and_library:	id: 115	x: 835	y: 1014	
Records jb2_new_symbol_add_to_image_and_library:	id: 116	x: 927	y: 1006	
Records jb2_new_symbol_add_to_image_and_library:	id: 117	x: 1033	y: 1008	
Records jb2_new_symbol_add_to_image_and_library:	id: 118	x: 1069	y: 1006	
Records jb2_new_symbol_add_to_image_and_library:	id: 119	x: 1114	y: 1004	
Records jb2_new_symbol_add_to_image_and_library:	id: 120	x: 1176	y: 1015	
Records jb2_new_symbol_add_to_image_and_library:	id: 121	x: 1271	y: 1052	
Records jb2_new_symbol_add_to_image_and_library:	id: 122	x: 1336	y: 1056	
Records jb2_new_symbol_add_to_image_and_library:	id: 123	x: 1409	y: 1048	
Records jb2_new_symbol_add_to_image_and_library:	id: 124	x: 1491	y: 1047	
Records jb2_new_symbol_add_to_image_and_library:	id: 125	x: 1500	y: 1016	
Records jb2_new_symbol_add_to_image_and_library:	id: 126	x: 1577	y: 1046	
Records jb2_new_symbol_add_to_image_and_library:	id: 127	x: 1651	y: 1054	
Records jb2_new_symbol_add_to_image_and_library:	id: 128	x: 1736	y: 1042	
Records jb2_new_symbol_add_to_image_and_library:	id: 129	x: 1780	y: 1033	
Records jb2_new_symbol_add_to_image_and_library:	id: 130	x: 1811	y: 1053	
Records jb2_new_symbol_add_to_image_and_library:	id: 131	x: 1822	y: 1017	
Records jb2_new_symbol_add_to_image_and_library:	id: 132	x: 1889	y: 1048	
Records jb2_matched_symbol_with_refinement_add_to_image_and_library:	id: 133	x: 2004	y: 1050	
Records jb2_new_symbol_add_to_image_and_library:	id: 134	x: 2138	y: 1014	
Records jb2_new_symbol_add_to_image_and_library:	id: 135	x: 2214	y: 1010	
Records jb2_new_symbol_add_to_image_and_library:	id: 136	x: 2330	y: 1027	
Records jb2_new_symbol_add_to_image_and_library:	id: 137	x: 2436	y: 1020	
Records jb2_new_symbol_add_to_image_and_library:	id: 138	x: 2591	y: 1018	
Records jb2_matched_symbol_with_refinement_add_to_image_and_library:	id: 139	x: 2693	y: 1010	
Records jb2_new_symbol_add_to_image_and_library:	id: 140	x: 2791	y: 1025	
Records jb2_new_symbol_add_to_image_and_library:	id: 141	x: 392	y: 626	
Records jb2_matched_symbol_copy_to_image_without_refinement:	id: 81	x: 411	y: 620	
Records jb2_new_symbol_add_to_image_and_library:	id: 142	x: 968	y: 690	
Records jb2_new_symbol_add_to_image_and_library:	id: 143	x: 971	y: 631	
Records jb2_new_symbol_add_to_image_and_library:	id: 144	x: 1180	y: 648	
Records jb2_matched_symbol_with_refinement_add_to_image_and_library:	id: 145	x: 1328	y: 641	
Records jb2_new_symbol_add_to_image_and_library:	id: 146	x: 1384	y: 645	
Records jb2_new_symbol_add_to_image_and_library:	id: 147	x: 1559	y: 624	
Records jb2_new_symbol_add_to_image_and_library:	id: 148	x: 1561	y: 583	
Records jb2_new_symbol_add_to_image_and_library:	id: 149	x: 1755	y: 615	
Records jb2_new_symbol_add_to_image_and_library:	id: 150	x: 1906	y: 717	
Records jb2_new_symbol_add_to_image_and_library:	id: 151	x: 2401	y: 398	
Records jb2_matched_symbol_copy_to_image_without_refinement:	id: 27	x: 1852	y: 379	
Records jb2_matched_symbol_with_refinement_add_to_image_and_library:	id: 152	x: 1350	y: 377	
Records jb2_new_symbol_add_to_image_and_library:	id: 153	x: 361	y: 269	
Records jb2_new_symbol_add_to_image_and_library:	id: 154	x: 502	y: 264	
Records jb2_new_symbol_add_to_image_and_library:	id: 155	x: 639	y: 263	
Records jb2_new_symbol_add_to_image_and_library:	id: 156	x: 676	y: 305	
Records jb2_new_symbol_add_to_image_and_library:	id: 157	x: 794	y: 252	
Records jb2_new_symbol_add_to_image_and_library:	id: 158	x: 809	y: 291	
Records jb2_new_symbol_add_to_image_and_library:	id: 159	x: 902	y: 254	
Records jb2_matched_symbol_with_refinement_add_to_image_and_library:	id: 160	x: 903	y: 289	
Records jb2_new_symbol_add_to_image_and_library:	id: 161	x: 926	y: 297	
Records jb2_new_symbol_add_to_image_and_library:	id: 162	x: 1018	y: 266	
Records jb2_new_symbol_add_to_image_and_library:	id: 163	x: 1020	y: 270	
Records jb2_new_symbol_add_to_image_and_library:	id: 164	x: 1176	y: 276	
Records jb2_new_symbol_add_to_image_and_library:	id: 165	x: 1179	y: 320	
Records jb2_new_symbol_add_to_image_and_library:	id: 166	x: 1284	y: 318	
Records jb2_matched_symbol_with_refinement_add_to_image_and_library:	id: 167	x: 1287	y: 276	
Records jb2_new_symbol_add_to_image_and_library:	id: 168	x: 1380	y: 271	
Records jb2_new_symbol_add_to_image_and_library:	id: 169	x: 1392	y: 315	
Records jb2_matched_symbol_with_refinement_add_to_image_and_library:	id: 170	x: 1494	y: 287	
Records jb2_new_symbol_add_to_image_and_library:	id: 171	x: 1497	y: 313	
Records jb2_new_symbol_add_to_image_and_library:	id: 172	x: 1597	y: 311	
Records jb2_new_symbol_add_to_image_and_library:	id: 173	x: 1605	y: 270	
Records jb2_new_symbol_add_to_image_and_library:	id: 174	x: 1823	y: 267	
Records jb2_new_symbol_add_to_image_and_library:	id: 175	x: 1832	y: 294	
Records jb2_new_symbol_add_to_image_and_library:	id: 176	x: 1846	y: 287	
Records jb2_new_symbol_add_to_image_and_library:	id: 177	x: 1923	y: 258	
Records jb2_new_symbol_add_to_image_and_library:	id: 178	x: 1942	y: 303	
Records jb2_new_symbol_add_to_image_and_library:	id: 179	x: 2051	y: 244	
Records jb2_new_symbol_add_to_image_and_library:	id: 180	x: 2065	y: 306	
Records jb2_new_symbol_add_to_image_and_library:	id: 181	x: 2097	y: 250	
Records jb2_new_symbol_add_to_image_and_library:	id: 182	x: 2180	y: 268	
Records jb2_new_symbol_add_to_image_and_library:	id: 183	x: 2191	y: 305	
Records jb2_new_symbol_add_to_image_and_library:	id: 184	x: 2393	y: 299	
Records jb2_new_symbol_add_to_image_and_library:	id: 185	x: 2408	y: 250	
Records jb2_new_symbol_add_to_image_and_library:	id: 186	x: 2441	y: 295	
Records jb2_new_symbol_add_to_image_and_library:	id: 187	x: 2534	y: 254	
Records jb2_new_symbol_add_to_image_and_library:	id: 188	x: 2566	y: 289	
Records jb2_new_symbol_add_to_image_and_library:	id: 189	x: 728	y: 232	
Records jb2_new_symbol_add_to_image_and_library:	id: 190	x: 1280	y: 220	
Records jb2_new_symbol_add_to_image_and_library:	id: 191	x: 1385	y: 142	
Records jb2_new_symbol_add_to_image_and_library:	id: 192	x: 1489	y: 230	
Records jb2_new_symbol_add_to_image_and_library:	id: 193	x: 1594	y: 224	
Records jb2_matched_symbol_copy_to_image_without_refinement:	id: 152	x: 725	y: 68	
Records jb2_new_symbol_add_to_image_and_library:	id: 194	x: 1683	y: 63	
Records jb2_new_symbol_add_to_image_and_library:	id: 195	x: 1150	y: 62	
Records jb2_new_symbol_add_to_image_and_library:	id: 196	x: 2656	y: 293	
Records jb2_new_symbol_add_to_image_and_library:	id: 197	x: 772	y: 345	
Records jb2_new_symbol_add_to_image_and_library:	id: 198	x: 2021	y: 573	
Records jb2_new_symbol_add_to_image_and_library:	id: 199	x: 2773	y: 357	
Records jb2_new_symbol_add_to_image_and_library:	id: 200	x: 326	y: 819	
Records jb2_new_symbol_add_to_image_and_library:	id: 201	x: 1565	y: 614	
Records jb2_new_symbol_add_to_image_and_library:	id: 202	x: 78	y: 1186	
Records jb2_new_symbol_add_to_image_and_library:	id: 203	x: 594	y: 996	
Records jb2_new_symbol_add_to_image_and_library:	id: 204	x: 1233	y: 1001	
Records jb2_new_symbol_add_to_image_and_library:	id: 205	x: 1595	y: 1067	
Records jb2_new_symbol_add_to_image_and_library:	id: 206	x: 2140	y: 1197	
Records jb2_new_symbol_add_to_image_and_library:	id: 207	x: 2844	y: 1096	
Records jb2_new_symbol_add_to_image_and_library:	id: 208	x: 846	y: 1255	
Records jb2_new_symbol_add_to_image_and_library:	id: 209	x: 976	y: 1471	
Records jb2_new_symbol_add_to_image_and_library:	id: 210	x: 1511	y: 1458	
Records jb2_new_symbol_add_to_image_and_library:	id: 211	x: 2472	y: 1263	
Records jb2_new_symbol_add_to_image_and_library:	id: 212	x: 551	y: 1682	
Records jb2_new_symbol_add_to_image_and_library:	id: 213	x: 663	y: 1664	
Records jb2_new_symbol_add_to_image_and_library:	id: 214	x: 2053	y: 1599	
Records jb2_new_symbol_add_to_image_and_library:	id: 215	x: 2455	y: 1680	
Records jb2_new_symbol_add_to_image_and_library:	id: 216	x: 882	y: 1844	
Records jb2_new_symbol_add_to_image_and_library:	id: 217	x: 899	y: 1864	
Records jb2_new_symbol_add_to_image_and_library:	id: 218	x: 1304	y: 1971	
Records jb2_new_symbol_add_to_image_and_library:	id: 219	x: 1784	y: 1891	
Records jb2_new_symbol_add_to_image_and_library:	id: 220	x: 2056	y: 1960	
Records jb2_new_symbol_add_to_image_and_library:	id: 221	x: 2258	y: 1851	
Records jb2_end_of_data
