Records jb2_start_of_image
Records jb2_new_symbol_add_to_image_and_library:	id: 0	x: 37	y: 504	
Records jb2_new_symbol_add_to_image_and_library:	id: 1	x: 64	y: 464	
Records jb2_new_symbol_add_to_image_and_library:	id: 2	x: 141	y: 464	
Records jb2_new_symbol_add_to_image_and_library:	id: 3	x: 198	y: 466	
Records jb2_matched_symbol_with_refinement_add_to_image_and_library:	id: 4	x: 270	y: 468	
Records jb2_new_symbol_add_to_image_and_library:	id: 5	x: 349	y: 466	
Records jb2_new_symbol_add_to_image_and_library:	id: 6	x: 433	y: 462	
Records jb2_new_symbol_add_to_image_and_library:	id: 7	x: 503	y: 469	
Records jb2_matched_symbol_with_refinement_add_to_image_and_library:	id: 8	x: 567	y: 466	
Records jb2_new_symbol_add_to_image_and_library:	id: 9	x: 648	y: 464	
Records jb2_new_symbol_add_to_image_and_library:	id: 10	x: 726	y: 465	
Records jb2_new_symbol_add_to_image_and_library:	id: 11	x: 777	y: 467	
Records jb2_new_symbol_add_to_image_and_library:	id: 12	x: 850	y: 467	
Records jb2_new_symbol_add_to_image_and_library:	id: 13	x: 930	y: 468	
Records jb2_new_symbol_add_to_image_and_library:	id: 14	x: 1024	y: 468	
Records jb2_new_symbol_add_to_image_and_library:	id: 15	x: 1107	y: 464	
Records jb2_new_symbol_add_to_image_and_library:	id: 16	x: 1196	y: 468	
Records jb2_new_symbol_add_to_image_and_library:	id: 17	x: 1259	y: 462	
Records jb2_new_symbol_add_to_image_and_library:	id: 18	x: 1340	y: 442	
Records jb2_new_symbol_add_to_image_and_library:	id: 19	x: 1383	y: 462	
Records jb2_matched_symbol_with_refinement_add_to_image_and_library:	id: 20	x: 1464	y: 443	
Records jb2_new_symbol_add_to_image_and_library:	id: 21	x: 1518	y: 463	
Records jb2_new_symbol_add_to_image_and_library:	id: 22	x: 1598	y: 438	
Records jb2_new_symbol_add_to_image_and_library:	id: 23	x: 1656	y: 464	
Records jb2_new_symbol_add_to_image_and_library:	id: 24	x: 1734	y: 440	
Records jb2_new_symbol_add_to_image_and_library:	id: 25	x: 1755	y: 441	
Records jb2_new_symbol_add_to_image_and_library:	id: 26	x: 1792	y: 464	
Records jb2_new_symbol_add_to_image_and_library:	id: 27	x: 1812	y: 428	
Records jb2_new_symbol_add_to_image_and_library:	id: 28	x: 1863	y: 464	
Records jb2_new_symbol_add_to_image_and_library:	id: 29	x: 1920	y: 462	
Records jb2_new_symbol_add_to_image_and_library:	id: 30	x: 2000	y: 464	
Records jb2_new_symbol_add_to_image_and_library:	id: 31	x: 2087	y: 468	
Records jb2_new_symbol_add_to_image_and_library:	id: 32	x: 854	y: 360	
Records jb2_new_symbol_add_to_image_and_library:	id: 33	x: 57	y: 296	
Records jb2_matched_symbol_with_refinement_add_to_image_and_library:	id: 34	x: 100	y: 295	
Records jb2_new_symbol_add_to_image_and_library:	id: 35	x: 104	y: 309	
Records jb2_new_symbol_add_to_image_and_library:	id: 36	x: 143	y: 295	
Records jb2_new_symbol_add_to_image_and_library:	id: 37	x: 197	y: 313	
Records jb2_new_symbol_add_to_image_and_library:	id: 38	x: 247	y: 294	
Records jb2_matched_symbol_with_refinement_add_to_image_and_library:	id: 39	x: 286	y: 293	
Records jb2_new_symbol_add_to_image_and_library:	id: 40	x: 314	y: 316	
Records jb2_new_symbol_add_to_image_and_library:	id: 41	x: 357	y: 315	
Records jb2_new_symbol_add_to_image_and_library:	id: 42	x: 418	y: 316	
Records jb2_new_symbol_add_to_image_and_library:	id: 43	x: 468	y: 296	
Records jb2_new_symbol_add_to_image_and_library:	id: 44	x: 506	y: 314	
Records jb2_matched_symbol_with_refinement_add_to_image_and_library:	id: 45	x: 508	y: 296	
Records jb2_new_symbol_add_to_image_and_library:	id: 46	x: 526	y: 288	
Records jb2_new_symbol_add_to_image_and_library:	id: 47	x: 531	y: 266	
Records jb2_new_symbol_add_to_image_and_library:	id: 48	x: 548	y: 294	
Records jb2_new_symbol_add_to_image_and_library:	id: 49	x: 562	y: 270	
Records jb2_new_symbol_add_to_image_and_library:	id: 50	x: 586	y: 324	
Records jb2_new_symbol_add_to_image_and_library:	id: 51	x: 621	y: 299	
Records jb2_new_symbol_add_to_image_and_library:	id: 52	x: 624	y: 324	
Records jb2_new_symbol_add_to_image_and_library:	id: 53	x: 687	y: 326	
Records jb2_matched_symbol_with_refinement_add_to_image_and_library:	id: 54	x: 734	y: 322	
Records jb2_new_symbol_add_to_image_and_library:	id: 55	x: 780	y: 292	
Records jb2_matched_symbol_with_refinement_add_to_image_and_library:	id: 56	x: 827	y: 326	
Records jb2_new_symbol_add_to_image_and_library:	id: 57	x: 873	y: 302	
Records jb2_new_symbol_add_to_image_and_library:	id: 58	x: 880	y: 319	
Records jb2_new_symbol_add_to_image_and_library:	id: 59	x: 897	y: 320	
Records jb2_new_symbol_add_to_image_and_library:	id: 60	x: 928	y: 304	
Records jb2_new_symbol_add_to_image_and_library:	id: 61	x: 934	y: 320	
Records jb2_new_symbol_add_to_image_and_library:	id: 62	x: 952	y: 323	
Records jb2_new_symbol_add_to_image_and_library:	id: 63	x: 973	y: 329	
Records jb2_new_symbol_add_to_image_and_library:	id: 64	x: 1020	y: 324	
Records jb2_new_symbol_add_to_image_and_library:	id: 65	x: 1046	y: 301	
Records jb2_new_symbol_add_to_image_and_library:	id: 66	x: 1110	y: 302	
Records jb2_new_symbol_add_to_image_and_library:	id: 67	x: 1121	y: 322	
Records jb2_new_symbol_add_to_image_and_library:	id: 68	x: 1177	y: 299	
Records jb2_matched_symbol_with_refinement_add_to_image_and_library:	id: 69	x: 1218	y: 300	
Records jb2_new_symbol_add_to_image_and_library:	id: 70	x: 1219	y: 320	
Records jb2_new_symbol_add_to_image_and_library:	id: 71	x: 1262	y: 300	
Records jb2_new_symbol_add_to_image_and_library:	id: 72	x: 1310	y: 299	
Records jb2_matched_symbol_with_refinement_add_to_image_and_library:	id: 73	x: 1312	y: 318	
Records jb2_new_symbol_add_to_image_and_library:	id: 74	x: 1356	y: 302	
Records jb2_new_symbol_add_to_image_and_library:	id: 75	x: 1403	y: 302	
Records jb2_new_symbol_add_to_image_and_library:	id: 76	x: 1446	y: 274	
Records jb2_new_symbol_add_to_image_and_library:	id: 77	x: 1454	y: 303	
Records jb2_new_symbol_add_to_image_and_library:	id: 78	x: 1505	y: 304	
Records jb2_new_symbol_add_to_image_and_library:	id: 79	x: 1573	y: 306	
Records jb2_matched_symbol_with_refinement_add_to_image_and_library:	id: 80	x: 1659	y: 304	
Records jb2_new_symbol_add_to_image_and_library:	id: 81	x: 1738	y: 307	
Records jb2_new_symbol_add_to_image_and_library:	id: 82	x: 1767	y: 271	
Records jb2_new_symbol_add_to_image_and_library:	id: 83	x: 1815	y: 298	
Records jb2_new_symbol_add_to_image_and_library:	id: 84	x: 1820	y: 314	
Records jb2_new_symbol_add_to_image_and_library:	id: 85	x: 1899	y: 297	
Records jb2_new_symbol_add_to_image_and_library:	id: 86	x: 1940	y: 297	
Records jb2_new_symbol_add_to_image_and_library:	id: 87	x: 1966	y: 289	
Records jb2_new_symbol_add_to_image_and_library:	id: 88	x: 1967	y: 304	
Records jb2_new_symbol_add_to_image_and_library:	id: 89	x: 1973	y: 321	
Records jb2_new_symbol_add_to_image_and_library:	id: 90	x: 2007	y: 321	
Records jb2_matched_symbol_with_refinement_add_to_image_and_library:	id: 91	x: 2054	y: 320	
Records jb2_new_symbol_add_to_image_and_library:	id: 92	x: 2077	y: 296	
Records jb2_new_symbol_add_to_image_and_library:	id: 93	x: 2105	y: 321	
Records jb2_new_symbol_add_to_image_and_library:	id: 94	x: 553	y: 256	
Records jb2_new_symbol_add_to_image_and_library:	id: 95	x: 14	y: 200	
Records jb2_new_symbol_add_to_image_and_library:	id: 96	x: 2200	y: 194	
Records jb2_new_symbol_add_to_image_and_library:	id: 97	x: 2219	y: 194	
Records jb2_matched_symbol_with_refinement_add_to_image_and_library:	id: 98	x: 87	y: 170	
Records jb2_new_symbol_add_to_image_and_library:	id: 99	x: 94	y: 159	
Records jb2_new_symbol_add_to_image_and_library:	id: 100	x: 670	y: 180	
Records jb2_matched_symbol_copy_to_image_without_refinement:	id: 97	x: 687	y: 166	
Records jb2_new_symbol_add_to_image_and_library:	id: 101	x: 730	y: 158	
Records jb2_new_symbol_add_to_image_and_library:	id: 102	x: 764	y: 181	
Records jb2_new_symbol_add_to_image_and_library:	id: 103	x: 764	y: 159	
Records jb2_matched_symbol_with_refinement_add_to_image_and_library:	id: 104	x: 800	y: 152	
Records jb2_new_symbol_add_to_image_and_library:	id: 105	x: 845	y: 152	
Records jb2_matched_symbol_with_refinement_add_to_image_and_library:	id: 106	x: 846	y: 174	
Records jb2_new_symbol_add_to_image_and_library:	id: 107	x: 863	y: 153	
Records jb2_new_symbol_add_to_image_and_library:	id: 108	x: 887	y: 155	
Records jb2_new_symbol_add_to_image_and_library:	id: 109	x: 935	y: 150	
Records jb2_new_symbol_add_to_image_and_library:	id: 110	x: 942	y: 154	
Records jb2_new_symbol_add_to_image_and_library:	id: 111	x: 1008	y: 154	
Records jb2_new_symbol_add_to_image_and_library:	id: 112	x: 1063	y: 156	
Records jb2_new_symbol_add_to_image_and_library:	id: 113	x: 1109	y: 158	
Records jb2_new_symbol_add_to_image_and_library:	id: 114	x: 1229	y: 156	
Records jb2_new_symbol_add_to_image_and_library:	id: 115	x: 1233	y: 139	
Records jb2_new_symbol_add_to_image_and_library:	id: 116	x: 1277	y: 176	
Records jb2_new_symbol_add_to_image_and_library:	id: 117	x: 1283	y: 133	
Records jb2_new_symbol_add_to_image_and_library:	id: 118	x: 1321	y: 160	
Records jb2_matched_symbol_with_refinement_add_to_image_and_library:	id: 119	x: 1323	y: 134	
Records jb2_new_symbol_add_to_image_and_library:	id: 120	x: 1368	y: 138	
Records jb2_new_symbol_add_to_image_and_library:	id: 121	x: 1403	y: 136	
Records jb2_new_symbol_add_to_image_and_library:	id: 122	x: 1487	y: 170	
Records jb2_new_symbol_add_to_image_and_library:	id: 123	x: 1491	y: 127	
Records jb2_new_symbol_add_to_image_and_library:	id: 124	x: 1512	y: 172	
Records jb2_matched_symbol_with_refinement_add_to_image_and_library:	id: 125	x: 1839	y: 178	
Records jb2_new_symbol_add_to_image_and_library:	id: 126	x: 1649	y: 75	
Records jb2_new_symbol_add_to_image_and_library:	id: 127	x: 27	y: 201	
Records jb2_new_symbol_add_to_image_and_library:	id: 128	x: 1336	y: 298	
Records jb2_new_symbol_add_to_image_and_library:	id: 129	x: 1527	y: 289	
Records jb2_new_symbol_add_to_image_and_library:	id: 130	x: 2070	y: 271	
Records jb2_new_symbol_add_to_image_and_library:	id: 131	x: 5	y: 472	
Records jb2_new_symbol_add_to_image_and_library:	id: 132	x: 536	y: 536	
Records jb2_new_symbol_add_to_image_and_library:	id: 133	x: 905	y: 422	
Records jb2_end_of_data
