Records jb2_start_of_image
Records jb2_new_symbol_add_to_image_and_library:	id: 0	x: 141	y: 575	
Records jb2_new_symbol_add_to_image_and_library:	id: 1	x: 201	y: 578	
Records jb2_new_symbol_add_to_image_and_library:	id: 2	x: 272	y: 578	
Records jb2_new_symbol_add_to_image_and_library:	id: 3	x: 330	y: 578	
Records jb2_new_symbol_add_to_image_and_library:	id: 4	x: 397	y: 581	
Records jb2_new_symbol_add_to_image_and_library:	id: 5	x: 460	y: 592	
Records jb2_new_symbol_add_to_image_and_library:	id: 6	x: 518	y: 581	
Records jb2_new_symbol_add_to_image_and_library:	id: 7	x: 583	y: 580	
Records jb2_new_symbol_add_to_image_and_library:	id: 8	x: 647	y: 590	
Records jb2_new_symbol_add_to_image_and_library:	id: 9	x: 704	y: 589	
Records jb2_new_symbol_add_to_image_and_library:	id: 10	x: 773	y: 588	
Records jb2_new_symbol_add_to_image_and_library:	id: 11	x: 836	y: 584	
Records jb2_new_symbol_add_to_image_and_library:	id: 12	x: 927	y: 584	
Records jb2_new_symbol_add_to_image_and_library:	id: 13	x: 993	y: 585	
Records jb2_new_symbol_add_to_image_and_library:	id: 14	x: 1066	y: 593	
Records jb2_new_symbol_add_to_image_and_library:	id: 15	x: 1118	y: 600	
Records jb2_new_symbol_add_to_image_and_library:	id: 16	x: 1118	y: 590	
Records jb2_matched_symbol_with_refinement_add_to_image_and_library:	id: 17	x: 1119	y: 556	
Records jb2_new_symbol_add_to_image_and_library:	id: 18	x: 1188	y: 584	
Records jb2_new_symbol_add_to_image_and_library:	id: 19	x: 1270	y: 585	
Records jb2_new_symbol_add_to_image_and_library:	id: 20	x: 1360	y: 592	
Records jb2_new_symbol_add_to_image_and_library:	id: 21	x: 1459	y: 587	
Records jb2_new_symbol_add_to_image_and_library:	id: 22	x: 1525	y: 587	
Records jb2_new_symbol_add_to_image_and_library:	id: 23	x: 1593	y: 586	
Records jb2_new_symbol_add_to_image_and_library:	id: 24	x: 1650	y: 590	
Records jb2_new_symbol_add_to_image_and_library:	id: 25	x: 1731	y: 582	
Records jb2_new_symbol_add_to_image_and_library:	id: 26	x: 1784	y: 586	
Records jb2_new_symbol_add_to_image_and_library:	id: 27	x: 1834	y: 592	
Records jb2_new_symbol_add_to_image_and_library:	id: 28	x: 164	y: 510	
Records jb2_new_symbol_add_to_image_and_library:	id: 29	x: 1182	y: 508	
Records jb2_new_symbol_add_to_image_and_library:	id: 30	x: 1325	y: 509	
Records jb2_new_symbol_add_to_image_and_library:	id: 31	x: 1334	y: 509	
Records jb2_new_symbol_add_to_image_and_library:	id: 32	x: 58	y: 458	
Records jb2_matched_symbol_with_refinement_add_to_image_and_library:	id: 33	x: 90	y: 459	
Records jb2_new_symbol_add_to_image_and_library:	id: 34	x: 94	y: 471	
Records jb2_new_symbol_add_to_image_and_library:	id: 35	x: 121	y: 482	
Records jb2_matched_symbol_with_refinement_add_to_image_and_library:	id: 36	x: 126	y: 461	
Records jb2_new_symbol_add_to_image_and_library:	id: 37	x: 130	y: 476	
Records jb2_new_symbol_add_to_image_and_library:	id: 38	x: 164	y: 476	
Records jb2_new_symbol_add_to_image_and_library:	id: 39	x: 205	y: 472	
Records jb2_new_symbol_add_to_image_and_library:	id: 40	x: 240	y: 476	
Records jb2_new_symbol_add_to_image_and_library:	id: 41	x: 283	y: 462	
Records jb2_new_symbol_add_to_image_and_library:	id: 42	x: 315	y: 464	
Records jb2_matched_symbol_with_refinement_add_to_image_and_library:	id: 43	x: 320	y: 475	
Records jb2_new_symbol_add_to_image_and_library:	id: 44	x: 352	y: 475	
Records jb2_new_symbol_add_to_image_and_library:	id: 45	x: 390	y: 482	
Records jb2_new_symbol_add_to_image_and_library:	id: 46	x: 434	y: 466	
Records jb2_new_symbol_add_to_image_and_library:	id: 47	x: 474	y: 479	
Records jb2_matched_symbol_with_refinement_add_to_image_and_library:	id: 48	x: 515	y: 466	
Records jb2_matched_symbol_with_refinement_add_to_image_and_library:	id: 49	x: 547	y: 467	
Records jb2_matched_symbol_with_refinement_add_to_image_and_library:	id: 50	x: 551	y: 479	
Records jb2_new_symbol_add_to_image_and_library:	id: 51	x: 581	y: 480	
Records jb2_new_symbol_add_to_image_and_library:	id: 52	x: 614	y: 482	
Records jb2_new_symbol_add_to_image_and_library:	id: 53	x: 642	y: 479	
Records jb2_new_symbol_add_to_image_and_library:	id: 54	x: 687	y: 484	
Records jb2_new_symbol_add_to_image_and_library:	id: 55	x: 727	y: 468	
Records jb2_new_symbol_add_to_image_and_library:	id: 56	x: 764	y: 483	
Records jb2_new_symbol_add_to_image_and_library:	id: 57	x: 809	y: 480	
Records jb2_matched_symbol_with_refinement_add_to_image_and_library:	id: 58	x: 850	y: 485	
Records jb2_new_symbol_add_to_image_and_library:	id: 59	x: 894	y: 487	
Records jb2_new_symbol_add_to_image_and_library:	id: 60	x: 939	y: 472	
Records jb2_new_symbol_add_to_image_and_library:	id: 61	x: 946	y: 480	
Records jb2_new_symbol_add_to_image_and_library:	id: 62	x: 965	y: 488	
Records jb2_new_symbol_add_to_image_and_library:	id: 63	x: 993	y: 472	
Records jb2_new_symbol_add_to_image_and_library:	id: 64	x: 1000	y: 486	
Records jb2_new_symbol_add_to_image_and_library:	id: 65	x: 1013	y: 485	
Records jb2_new_symbol_add_to_image_and_library:	id: 66	x: 1032	y: 484	
Records jb2_matched_symbol_copy_to_image_without_refinement:	id: 17	x: 1038	y: 484	
Records jb2_new_symbol_add_to_image_and_library:	id: 67	x: 1061	y: 482	
Records jb2_new_symbol_add_to_image_and_library:	id: 68	x: 1102	y: 482	
Records jb2_new_symbol_add_to_image_and_library:	id: 69	x: 1125	y: 480	
Records jb2_new_symbol_add_to_image_and_library:	id: 70	x: 1156	y: 472	
Records jb2_new_symbol_add_to_image_and_library:	id: 71	x: 1211	y: 474	
Records jb2_new_symbol_add_to_image_and_library:	id: 72	x: 1225	y: 491	
Records jb2_new_symbol_add_to_image_and_library:	id: 73	x: 1269	y: 475	
Records jb2_new_symbol_add_to_image_and_library:	id: 74	x: 1308	y: 473	
Records jb2_matched_symbol_with_refinement_add_to_image_and_library:	id: 75	x: 1310	y: 484	
Records jb2_matched_symbol_with_refinement_add_to_image_and_library:	id: 76	x: 1343	y: 475	
Records jb2_new_symbol_add_to_image_and_library:	id: 77	x: 1345	y: 488	
Records jb2_new_symbol_add_to_image_and_library:	id: 78	x: 1361	y: 488	
Records jb2_new_symbol_add_to_image_and_library:	id: 79	x: 1384	y: 472	
Records jb2_new_symbol_add_to_image_and_library:	id: 80	x: 1421	y: 470	
Records jb2_new_symbol_add_to_image_and_library:	id: 81	x: 1429	y: 484	
Records jb2_matched_symbol_with_refinement_add_to_image_and_library:	id: 82	x: 1458	y: 473	
Records jb2_matched_symbol_with_refinement_add_to_image_and_library:	id: 83	x: 1463	y: 487	
Records jb2_new_symbol_add_to_image_and_library:	id: 84	x: 1496	y: 474	
Records jb2_matched_symbol_with_refinement_add_to_image_and_library:	id: 85	x: 1536	y: 474	
Records jb2_matched_symbol_with_refinement_add_to_image_and_library:	id: 86	x: 1537	y: 487	
Records jb2_new_symbol_add_to_image_and_library:	id: 87	x: 1572	y: 492	
Records jb2_matched_symbol_with_refinement_add_to_image_and_library:	id: 88	x: 1615	y: 478	
Records jb2_new_symbol_add_to_image_and_library:	id: 89	x: 1653	y: 476	
Records jb2_new_symbol_add_to_image_and_library:	id: 90	x: 1709	y: 476	
Records jb2_new_symbol_add_to_image_and_library:	id: 91	x: 1762	y: 472	
Records jb2_new_symbol_add_to_image_and_library:	id: 92	x: 1803	y: 474	
Records jb2_matched_symbol_with_refinement_add_to_image_and_library:	id: 93	x: 1811	y: 487	
Records jb2_matched_symbol_with_refinement_add_to_image_and_library:	id: 94	x: 1848	y: 474	
Records jb2_new_symbol_add_to_image_and_library:	id: 95	x: 1865	y: 484	
Records jb2_matched_symbol_with_refinement_add_to_image_and_library:	id: 96	x: 1889	y: 476	
Records jb2_new_symbol_add_to_image_and_library:	id: 97	x: 1890	y: 489	
Records jb2_new_symbol_add_to_image_and_library:	id: 98	x: 1931	y: 492	
Records jb2_new_symbol_add_to_image_and_library:	id: 99	x: 60	y: 368	
Records jb2_new_symbol_add_to_image_and_library:	id: 100	x: 110	y: 368	
Records jb2_new_symbol_add_to_image_and_library:	id: 101	x: 166	y: 370	
Records jb2_new_symbol_add_to_image_and_library:	id: 102	x: 175	y: 385	
Records jb2_new_symbol_add_to_image_and_library:	id: 103	x: 224	y: 373	
Records jb2_new_symbol_add_to_image_and_library:	id: 104	x: 241	y: 388	
Records jb2_new_symbol_add_to_image_and_library:	id: 105	x: 289	y: 368	
Records jb2_new_symbol_add_to_image_and_library:	id: 106	x: 318	y: 378	
Records jb2_new_symbol_add_to_image_and_library:	id: 107	x: 350	y: 369	
Records jb2_new_symbol_add_to_image_and_library:	id: 108	x: 379	y: 380	
Records jb2_matched_symbol_with_refinement_add_to_image_and_library:	id: 109	x: 379	y: 366	
Records jb2_new_symbol_add_to_image_and_library:	id: 110	x: 403	y: 371	
Records jb2_new_symbol_add_to_image_and_library:	id: 111	x: 440	y: 384	
Records jb2_new_symbol_add_to_image_and_library:	id: 112	x: 465	y: 384	
Records jb2_new_symbol_add_to_image_and_library:	id: 113	x: 522	y: 375	
Records jb2_new_symbol_add_to_image_and_library:	id: 114	x: 537	y: 379	
Records jb2_new_symbol_add_to_image_and_library:	id: 115	x: 575	y: 383	
Records jb2_new_symbol_add_to_image_and_library:	id: 116	x: 616	y: 390	
Records jb2_new_symbol_add_to_image_and_library:	id: 117	x: 664	y: 386	
Records jb2_new_symbol_add_to_image_and_library:	id: 118	x: 707	y: 390	
Records jb2_new_symbol_add_to_image_and_library:	id: 119	x: 743	y: 392	
Records jb2_new_symbol_add_to_image_and_library:	id: 120	x: 787	y: 378	
Records jb2_new_symbol_add_to_image_and_library:	id: 121	x: 816	y: 388	
Records jb2_new_symbol_add_to_image_and_library:	id: 122	x: 849	y: 386	
Records jb2_matched_symbol_with_refinement_add_to_image_and_library:	id: 123	x: 880	y: 376	
Records jb2_new_symbol_add_to_image_and_library:	id: 124	x: 917	y: 375	
Records jb2_matched_symbol_with_refinement_add_to_image_and_library:	id: 125	x: 922	y: 387	
Records jb2_matched_symbol_with_refinement_add_to_image_and_library:	id: 126	x: 959	y: 375	
Records jb2_matched_symbol_with_refinement_add_to_image_and_library:	id: 127	x: 964	y: 388	
Records jb2_new_symbol_add_to_image_and_library:	id: 128	x: 994	y: 378	
Records jb2_new_symbol_add_to_image_and_library:	id: 129	x: 1038	y: 394	
Records jb2_new_symbol_add_to_image_and_library:	id: 130	x: 1084	y: 377	
Records jb2_new_symbol_add_to_image_and_library:	id: 131	x: 1121	y: 378	
Records jb2_new_symbol_add_to_image_and_library:	id: 132	x: 1160	y: 378	
Records jb2_new_symbol_add_to_image_and_library:	id: 133	x: 1192	y: 374	
Records jb2_new_symbol_add_to_image_and_library:	id: 134	x: 1228	y: 378	
Records jb2_new_symbol_add_to_image_and_library:	id: 135	x: 1231	y: 393	
Records jb2_new_symbol_add_to_image_and_library:	id: 136	x: 1273	y: 377	
Records jb2_new_symbol_add_to_image_and_library:	id: 137	x: 1314	y: 379	
Records jb2_new_symbol_add_to_image_and_library:	id: 138	x: 1361	y: 388	
Records jb2_new_symbol_add_to_image_and_library:	id: 139	x: 1422	y: 388	
Records jb2_new_symbol_add_to_image_and_library:	id: 140	x: 1471	y: 390	
Records jb2_new_symbol_add_to_image_and_library:	id: 141	x: 1518	y: 387	
Records jb2_new_symbol_add_to_image_and_library:	id: 142	x: 1567	y: 388	
Records jb2_new_symbol_add_to_image_and_library:	id: 143	x: 1629	y: 369	
Records jb2_new_symbol_add_to_image_and_library:	id: 144	x: 1659	y: 392	
Records jb2_new_symbol_add_to_image_and_library:	id: 145	x: 1661	y: 359	
Records jb2_new_symbol_add_to_image_and_library:	id: 146	x: 1694	y: 385	
Records jb2_matched_symbol_with_refinement_add_to_image_and_library:	id: 147	x: 1695	y: 362	
Records jb2_new_symbol_add_to_image_and_library:	id: 148	x: 1726	y: 359	
Records jb2_matched_symbol_with_refinement_add_to_image_and_library:	id: 149	x: 1752	y: 362	
Records jb2_new_symbol_add_to_image_and_library:	id: 150	x: 1805	y: 388	
Records jb2_new_symbol_add_to_image_and_library:	id: 151	x: 1900	y: 389	
Records jb2_new_symbol_add_to_image_and_library:	id: 152	x: 724	y: 236	
Records jb2_new_symbol_add_to_image_and_library:	id: 153	x: 720	y: 233	
Records jb2_new_symbol_add_to_image_and_library:	id: 154	x: 731	y: 215	
Records jb2_new_symbol_add_to_image_and_library:	id: 155	x: 747	y: 226	
Records jb2_new_symbol_add_to_image_and_library:	id: 156	x: 975	y: 226	
Records jb2_new_symbol_add_to_image_and_library:	id: 157	x: 738	y: 202	
Records jb2_new_symbol_add_to_image_and_library:	id: 158	x: 429	y: 69	
Records jb2_new_symbol_add_to_image_and_library:	id: 159	x: 777	y: 87	
Records jb2_new_symbol_add_to_image_and_library:	id: 160	x: 828	y: 89	
Records jb2_new_symbol_add_to_image_and_library:	id: 161	x: 873	y: 103	
Records jb2_matched_symbol_with_refinement_add_to_image_and_library:	id: 162	x: 918	y: 86	
Records jb2_new_symbol_add_to_image_and_library:	id: 163	x: 930	y: 96	
Records jb2_new_symbol_add_to_image_and_library:	id: 164	x: 955	y: 98	
Records jb2_matched_symbol_with_refinement_add_to_image_and_library:	id: 165	x: 1000	y: 99	
Records jb2_matched_symbol_with_refinement_add_to_image_and_library:	id: 166	x: 1003	y: 84	
Records jb2_new_symbol_add_to_image_and_library:	id: 167	x: 1027	y: 88	
Records jb2_matched_symbol_with_refinement_add_to_image_and_library:	id: 168	x: 1043	y: 104	
Records jb2_new_symbol_add_to_image_and_library:	id: 169	x: 1071	y: 96	
Records jb2_new_symbol_add_to_image_and_library:	id: 170	x: 1135	y: 90	
Records jb2_new_symbol_add_to_image_and_library:	id: 171	x: 1191	y: 88	
Records jb2_new_symbol_add_to_image_and_library:	id: 172	x: 1197	y: 102	
Records jb2_new_symbol_add_to_image_and_library:	id: 173	x: 729	y: 226	
Records jb2_new_symbol_add_to_image_and_library:	id: 174	x: 306	y: 590	
Records jb2_new_symbol_add_to_image_and_library:	id: 175	x: 885	y: 588	
Records jb2_new_symbol_add_to_image_and_library:	id: 176	x: 1089	y: 596	
Records jb2_new_symbol_add_to_image_and_library:	id: 177	x: 1492	y: 590	
Records jb2_new_symbol_add_to_image_and_library:	id: 178	x: 1877	y: 501	
Records jb2_end_of_data
