Records jb2_start_of_image
Records jb2_new_symbol_add_to_image_and_library:	id: 0	x: 0	y: 372	
Records jb2_new_symbol_add_to_image_and_library:	id: 1	x: 141	y: 374	
Records jb2_new_symbol_add_to_image_and_library:	id: 2	x: 306	y: 377	
Records jb2_new_symbol_add_to_image_and_library:	id: 3	x: 422	y: 382	
Records jb2_new_symbol_add_to_image_and_library:	id: 4	x: 484	y: 382	
Records jb2_new_symbol_add_to_image_and_library:	id: 5	x: 544	y: 382	
Records jb2_new_symbol_add_to_image_and_library:	id: 6	x: 690	y: 385	
Records jb2_new_symbol_add_to_image_and_library:	id: 7	x: 812	y: 387	
Records jb2_matched_symbol_with_refinement_add_to_image_and_library:	id: 8	x: 848	y: 385	
Records jb2_matched_symbol_copy_to_image_without_refinement:	id: 4	x: 858	y: 273	
Records jb2_new_symbol_add_to_image_and_library:	id: 9	x: 922	y: 381	
Records jb2_new_symbol_add_to_image_and_library:	id: 10	x: 1025	y: 281	
Records jb2_new_symbol_add_to_image_and_library:	id: 11	x: 1044	y: 387	
Records jb2_matched_symbol_with_refinement_add_to_image_and_library:	id: 12	x: 1059	y: 275	
Records jb2_matched_symbol_copy_to_image_without_refinement:	id: 4	x: 1080	y: 386	
Records jb2_new_symbol_add_to_image_and_library:	id: 13	x: 1184	y: 387	
Records jb2_new_symbol_add_to_image_and_library:	id: 14	x: 1258	y: 389	
Records jb2_new_symbol_add_to_image_and_library:	id: 15	x: 1340	y: 388	
Records jb2_new_symbol_add_to_image_and_library:	id: 16	x: 1395	y: 390	
Records jb2_new_symbol_add_to_image_and_library:	id: 17	x: 1519	y: 400	
Records jb2_new_symbol_add_to_image_and_library:	id: 18	x: 1691	y: 399	
Records jb2_new_symbol_add_to_image_and_library:	id: 19	x: 1833	y: 402	
Records jb2_new_symbol_add_to_image_and_library:	id: 20	x: 1986	y: 397	
Records jb2_new_symbol_add_to_image_and_library:	id: 21	x: 1995	y: 399	
Records jb2_new_symbol_add_to_image_and_library:	id: 22	x: 2099	y: 397	
Records jb2_matched_symbol_with_refinement_add_to_image_and_library:	id: 23	x: 2235	y: 277	
Records jb2_new_symbol_add_to_image_and_library:	id: 24	x: 2263	y: 400	
Records jb2_new_symbol_add_to_image_and_library:	id: 25	x: 2318	y: 351	
Records jb2_matched_symbol_with_refinement_add_to_image_and_library:	id: 26	x: 2333	y: 401	
Records jb2_new_symbol_add_to_image_and_library:	id: 27	x: 2408	y: 402	
Records jb2_new_symbol_add_to_image_and_library:	id: 28	x: 2497	y: 407	
Records jb2_new_symbol_add_to_image_and_library:	id: 29	x: 2634	y: 407	
Records jb2_new_symbol_add_to_image_and_library:	id: 30	x: 248	y: 127	
Records jb2_new_symbol_add_to_image_and_library:	id: 31	x: 299	y: 134	
Records jb2_new_symbol_add_to_image_and_library:	id: 32	x: 592	y: 192	
Records jb2_matched_symbol_copy_to_image_without_refinement:	id: 4	x: 702	y: 190	
Records jb2_new_symbol_add_to_image_and_library:	id: 33	x: 786	y: 195	
Records jb2_matched_symbol_with_refinement_add_to_image_and_library:	id: 34	x: 846	y: 153	
Records jb2_new_symbol_add_to_image_and_library:	id: 35	x: 935	y: 195	
Records jb2_new_symbol_add_to_image_and_library:	id: 36	x: 1069	y: 196	
Records jb2_new_symbol_add_to_image_and_library:	id: 37	x: 1070	y: 179	
Records jb2_new_symbol_add_to_image_and_library:	id: 38	x: 1343	y: 162	
Records jb2_matched_symbol_with_refinement_add_to_image_and_library:	id: 39	x: 1359	y: 153	
Records jb2_new_symbol_add_to_image_and_library:	id: 40	x: 1457	y: 134	
Records jb2_new_symbol_add_to_image_and_library:	id: 41	x: 1656	y: 208	
Records jb2_new_symbol_add_to_image_and_library:	id: 42	x: 1777	y: 214	
Records jb2_new_symbol_add_to_image_and_library:	id: 43	x: 1822	y: 163	
Records jb2_matched_symbol_with_refinement_add_to_image_and_library:	id: 44	x: 1934	y: 211	
Records jb2_new_symbol_add_to_image_and_library:	id: 45	x: 2075	y: 216	
Records jb2_new_symbol_add_to_image_and_library:	id: 46	x: 162	y: 273	
Records jb2_new_symbol_add_to_image_and_library:	id: 47	x: 456	y: 283	
Records jb2_new_symbol_add_to_image_and_library:	id: 48	x: 662	y: 129	
Records jb2_new_symbol_add_to_image_and_library:	id: 49	x: 961	y: 278	
Records jb2_new_symbol_add_to_image_and_library:	id: 50	x: 1374	y: 290	
Records jb2_new_symbol_add_to_image_and_library:	id: 51	x: 1699	y: 252	
Records jb2_new_symbol_add_to_image_and_library:	id: 52	x: 1819	y: 285	
Records jb2_new_symbol_add_to_image_and_library:	id: 53	x: 2143	y: 292	
Records jb2_new_symbol_add_to_image_and_library:	id: 54	x: 55	y: 373	
Records jb2_new_symbol_add_to_image_and_library:	id: 55	x: 371	y: 329	
Records jb2_new_symbol_add_to_image_and_library:	id: 56	x: 844	y: 383	
Records jb2_new_symbol_add_to_image_and_library:	id: 57	x: 992	y: 384	
Records jb2_new_symbol_add_to_image_and_library:	id: 58	x: 1289	y: 389	
Records jb2_new_symbol_add_to_image_and_library:	id: 59	x: 1705	y: 392	
Records jb2_new_symbol_add_to_image_and_library:	id: 60	x: 2004	y: 398	
Records jb2_new_symbol_add_to_image_and_library:	id: 61	x: 2278	y: 401	
Records jb2_end_of_data
