Records jb2_start_of_image
Records jb2_new_symbol_add_to_image_and_library:	id: 0	x: 55	y: 871	
Records jb2_new_symbol_add_to_image_and_library:	id: 1	x: 188	y: 886	
Records jb2_new_symbol_add_to_image_and_library:	id: 2	x: 322	y: 880	
Records jb2_new_symbol_add_to_image_and_library:	id: 3	x: 437	y: 876	
Records jb2_new_symbol_add_to_image_and_library:	id: 4	x: 559	y: 885	
Records jb2_new_symbol_add_to_image_and_library:	id: 5	x: 676	y: 911	
Records jb2_new_symbol_add_to_image_and_library:	id: 6	x: 812	y: 893	
Records jb2_new_symbol_add_to_image_and_library:	id: 7	x: 955	y: 884	
Records jb2_new_symbol_add_to_image_and_library:	id: 8	x: 985	y: 886	
Records jb2_new_symbol_add_to_image_and_library:	id: 9	x: 1089	y: 904	
Records jb2_new_symbol_add_to_image_and_library:	id: 10	x: 1211	y: 908	
Records jb2_new_symbol_add_to_image_and_library:	id: 11	x: 1357	y: 905	
Records jb2_new_symbol_add_to_image_and_library:	id: 12	x: 1506	y: 908	
Records jb2_new_symbol_add_to_image_and_library:	id: 13	x: 1558	y: 850	
Records jb2_new_symbol_add_to_image_and_library:	id: 14	x: 1646	y: 913	
Records jb2_new_symbol_add_to_image_and_library:	id: 15	x: 1782	y: 906	
Records jb2_new_symbol_add_to_image_and_library:	id: 16	x: 1887	y: 901	
Records jb2_new_symbol_add_to_image_and_library:	id: 17	x: 1927	y: 870	
Records jb2_new_symbol_add_to_image_and_library:	id: 18	x: 2051	y: 905	
Records jb2_new_symbol_add_to_image_and_library:	id: 19	x: 2086	y: 849	
Records jb2_new_symbol_add_to_image_and_library:	id: 20	x: 2090	y: 858	
Records jb2_new_symbol_add_to_image_and_library:	id: 21	x: 2096	y: 861	
Records jb2_new_symbol_add_to_image_and_library:	id: 22	x: 2113	y: 842	
Records jb2_matched_symbol_copy_to_image_without_refinement:	id: 17	x: 2139	y: 868	
Records jb2_new_symbol_add_to_image_and_library:	id: 23	x: 2209	y: 924	
Records jb2_new_symbol_add_to_image_and_library:	id: 24	x: 2355	y: 910	
Records jb2_new_symbol_add_to_image_and_library:	id: 25	x: 2522	y: 927	
Records jb2_new_symbol_add_to_image_and_library:	id: 26	x: 2764	y: 925	
Records jb2_new_symbol_add_to_image_and_library:	id: 27	x: 2925	y: 920	
Records jb2_new_symbol_add_to_image_and_library:	id: 28	x: 3090	y: 925	
Records jb2_new_symbol_add_to_image_and_library:	id: 29	x: 3206	y: 920	
Records jb2_new_symbol_add_to_image_and_library:	id: 30	x: 43	y: 628	
Records jb2_new_symbol_add_to_image_and_library:	id: 31	x: 140	y: 640	
Records jb2_new_symbol_add_to_image_and_library:	id: 32	x: 167	y: 673	
Records jb2_new_symbol_add_to_image_and_library:	id: 33	x: 249	y: 636	
Records jb2_new_symbol_add_to_image_and_library:	id: 34	x: 272	y: 665	
Records jb2_matched_symbol_with_refinement_add_to_image_and_library:	id: 35	x: 302	y: 670	
Records jb2_matched_symbol_copy_to_image_without_refinement:	id: 13	x: 309	y: 624	
Records jb2_new_symbol_add_to_image_and_library:	id: 36	x: 353	y: 661	
Records jb2_new_symbol_add_to_image_and_library:	id: 37	x: 451	y: 682	
Records jb2_new_symbol_add_to_image_and_library:	id: 38	x: 553	y: 643	
Records jb2_new_symbol_add_to_image_and_library:	id: 39	x: 635	y: 672	
Records jb2_new_symbol_add_to_image_and_library:	id: 40	x: 734	y: 639	
Records jb2_new_symbol_add_to_image_and_library:	id: 41	x: 747	y: 673	
Records jb2_new_symbol_add_to_image_and_library:	id: 42	x: 835	y: 653	
Records jb2_new_symbol_add_to_image_and_library:	id: 43	x: 934	y: 665	
Records jb2_new_symbol_add_to_image_and_library:	id: 44	x: 1041	y: 635	
Records jb2_matched_symbol_with_refinement_add_to_image_and_library:	id: 45	x: 1137	y: 647	
Records jb2_new_symbol_add_to_image_and_library:	id: 46	x: 1152	y: 684	
Records jb2_new_symbol_add_to_image_and_library:	id: 47	x: 1242	y: 685	
Records jb2_new_symbol_add_to_image_and_library:	id: 48	x: 1331	y: 687	
Records jb2_new_symbol_add_to_image_and_library:	id: 49	x: 1472	y: 687	
Records jb2_new_symbol_add_to_image_and_library:	id: 50	x: 1598	y: 690	
Records jb2_matched_symbol_copy_to_image_without_refinement:	id: 13	x: 1625	y: 571	
Records jb2_new_symbol_add_to_image_and_library:	id: 51	x: 1723	y: 631	
Records jb2_new_symbol_add_to_image_and_library:	id: 52	x: 1824	y: 638	
Records jb2_new_symbol_add_to_image_and_library:	id: 53	x: 1836	y: 600	
Records jb2_new_symbol_add_to_image_and_library:	id: 54	x: 1860	y: 689	
Records jb2_new_symbol_add_to_image_and_library:	id: 55	x: 1950	y: 672	
Records jb2_new_symbol_add_to_image_and_library:	id: 56	x: 2052	y: 687	
Records jb2_new_symbol_add_to_image_and_library:	id: 57	x: 2167	y: 699	
Records jb2_new_symbol_add_to_image_and_library:	id: 58	x: 2289	y: 662	
Records jb2_new_symbol_add_to_image_and_library:	id: 59	x: 2364	y: 655	
Records jb2_new_symbol_add_to_image_and_library:	id: 60	x: 2383	y: 689	
Records jb2_new_symbol_add_to_image_and_library:	id: 61	x: 2448	y: 660	
Records jb2_new_symbol_add_to_image_and_library:	id: 62	x: 2453	y: 696	
Records jb2_new_symbol_add_to_image_and_library:	id: 63	x: 2518	y: 654	
Records jb2_new_symbol_add_to_image_and_library:	id: 64	x: 2531	y: 687	
Records jb2_new_symbol_add_to_image_and_library:	id: 65	x: 2561	y: 684	
Records jb2_new_symbol_add_to_image_and_library:	id: 66	x: 2605	y: 650	
Records jb2_new_symbol_add_to_image_and_library:	id: 67	x: 2634	y: 679	
Records jb2_new_symbol_add_to_image_and_library:	id: 68	x: 2706	y: 697	
Records jb2_new_symbol_add_to_image_and_library:	id: 69	x: 2834	y: 685	
Records jb2_new_symbol_add_to_image_and_library:	id: 70	x: 2918	y: 699	
Records jb2_new_symbol_add_to_image_and_library:	id: 71	x: 3034	y: 671	
Records jb2_new_symbol_add_to_image_and_library:	id: 72	x: 3232	y: 672	
Records jb2_new_symbol_add_to_image_and_library:	id: 73	x: 3257	y: 704	
Records jb2_new_symbol_add_to_image_and_library:	id: 74	x: 36	y: 420	
Records jb2_matched_symbol_with_refinement_add_to_image_and_library:	id: 75	x: 81	y: 421	
Records jb2_new_symbol_add_to_image_and_library:	id: 76	x: 141	y: 427	
Records jb2_new_symbol_add_to_image_and_library:	id: 77	x: 158	y: 468	
Records jb2_new_symbol_add_to_image_and_library:	id: 78	x: 256	y: 419	
Records jb2_matched_symbol_with_refinement_add_to_image_and_library:	id: 79	x: 367	y: 420	
Records jb2_matched_symbol_with_refinement_add_to_image_and_library:	id: 80	x: 392	y: 462	
Records jb2_new_symbol_add_to_image_and_library:	id: 81	x: 471	y: 418	
Records jb2_new_symbol_add_to_image_and_library:	id: 82	x: 583	y: 410	
Records jb2_new_symbol_add_to_image_and_library:	id: 83	x: 609	y: 446	
Records jb2_new_symbol_add_to_image_and_library:	id: 84	x: 694	y: 416	
Records jb2_new_symbol_add_to_image_and_library:	id: 85	x: 715	y: 460	
Records jb2_new_symbol_add_to_image_and_library:	id: 86	x: 812	y: 421	
Records jb2_new_symbol_add_to_image_and_library:	id: 87	x: 861	y: 457	
Records jb2_new_symbol_add_to_image_and_library:	id: 88	x: 931	y: 410	
Records jb2_new_symbol_add_to_image_and_library:	id: 89	x: 939	y: 451	
Records jb2_new_symbol_add_to_image_and_library:	id: 90	x: 1044	y: 429	
Records jb2_new_symbol_add_to_image_and_library:	id: 91	x: 1201	y: 420	
Records jb2_new_symbol_add_to_image_and_library:	id: 92	x: 1323	y: 425	
Records jb2_new_symbol_add_to_image_and_library:	id: 93	x: 1434	y: 414	
Records jb2_matched_symbol_with_refinement_add_to_image_and_library:	id: 94	x: 1461	y: 455	
Records jb2_new_symbol_add_to_image_and_library:	id: 95	x: 1544	y: 423	
Records jb2_new_symbol_add_to_image_and_library:	id: 96	x: 1581	y: 458	
Records jb2_matched_symbol_with_refinement_add_to_image_and_library:	id: 97	x: 1658	y: 416	
Records jb2_new_symbol_add_to_image_and_library:	id: 98	x: 1667	y: 457	
Records jb2_new_symbol_add_to_image_and_library:	id: 99	x: 1760	y: 459	
Records jb2_new_symbol_add_to_image_and_library:	id: 100	x: 1882	y: 418	
Records jb2_new_symbol_add_to_image_and_library:	id: 101	x: 2039	y: 425	
Records jb2_new_symbol_add_to_image_and_library:	id: 102	x: 2060	y: 468	
Records jb2_new_symbol_add_to_image_and_library:	id: 103	x: 2194	y: 431	
Records jb2_new_symbol_add_to_image_and_library:	id: 104	x: 2387	y: 430	
Records jb2_new_symbol_add_to_image_and_library:	id: 105	x: 2436	y: 480	
Records jb2_new_symbol_add_to_image_and_library:	id: 106	x: 2556	y: 435	
Records jb2_new_symbol_add_to_image_and_library:	id: 107	x: 2710	y: 427	
Records jb2_new_symbol_add_to_image_and_library:	id: 108	x: 2796	y: 478	
Records jb2_new_symbol_add_to_image_and_library:	id: 109	x: 2900	y: 442	
Records jb2_new_symbol_add_to_image_and_library:	id: 110	x: 2993	y: 430	
Records jb2_new_symbol_add_to_image_and_library:	id: 111	x: 3031	y: 385	
Records jb2_new_symbol_add_to_image_and_library:	id: 112	x: 3122	y: 475	
Records jb2_new_symbol_add_to_image_and_library:	id: 113	x: 3226	y: 487	
Records jb2_new_symbol_add_to_image_and_library:	id: 114	x: 1242	y: 320	
Records jb2_new_symbol_add_to_image_and_library:	id: 115	x: 18	y: 242	
Records jb2_new_symbol_add_to_image_and_library:	id: 116	x: 120	y: 239	
Records jb2_new_symbol_add_to_image_and_library:	id: 117	x: 122	y: 161	
Records jb2_matched_symbol_copy_to_image_without_refinement:	id: 13	x: 164	y: 168	
Records jb2_new_symbol_add_to_image_and_library:	id: 118	x: 248	y: 235	
Records jb2_new_symbol_add_to_image_and_library:	id: 119	x: 327	y: 194	
Records jb2_matched_symbol_copy_to_image_without_refinement:	id: 13	x: 333	y: 160	
Records jb2_new_symbol_add_to_image_and_library:	id: 120	x: 400	y: 250	
Records jb2_new_symbol_add_to_image_and_library:	id: 121	x: 537	y: 220	
Records jb2_new_symbol_add_to_image_and_library:	id: 122	x: 564	y: 231	
Records jb2_matched_symbol_with_refinement_add_to_image_and_library:	id: 123	x: 567	y: 184	
Records jb2_new_symbol_add_to_image_and_library:	id: 124	x: 571	y: 197	
Records jb2_new_symbol_add_to_image_and_library:	id: 125	x: 627	y: 208	
Records jb2_new_symbol_add_to_image_and_library:	id: 126	x: 706	y: 207	
Records jb2_new_symbol_add_to_image_and_library:	id: 127	x: 737	y: 238	
Records jb2_new_symbol_add_to_image_and_library:	id: 128	x: 805	y: 247	
Records jb2_new_symbol_add_to_image_and_library:	id: 129	x: 918	y: 197	
Records jb2_new_symbol_add_to_image_and_library:	id: 130	x: 1027	y: 202	
Records jb2_new_symbol_add_to_image_and_library:	id: 131	x: 1053	y: 236	
Records jb2_new_symbol_add_to_image_and_library:	id: 132	x: 1069	y: 206	
Records jb2_new_symbol_add_to_image_and_library:	id: 133	x: 1154	y: 201	
Records jb2_new_symbol_add_to_image_and_library:	id: 134	x: 1192	y: 206	
Records jb2_new_symbol_add_to_image_and_library:	id: 135	x: 1259	y: 205	
Records jb2_new_symbol_add_to_image_and_library:	id: 136	x: 1301	y: 237	
Records jb2_new_symbol_add_to_image_and_library:	id: 137	x: 1324	y: 196	
Records jb2_new_symbol_add_to_image_and_library:	id: 138	x: 1390	y: 217	
Records jb2_new_symbol_add_to_image_and_library:	id: 139	x: 1506	y: 208	
Records jb2_new_symbol_add_to_image_and_library:	id: 140	x: 1521	y: 249	
Records jb2_new_symbol_add_to_image_and_library:	id: 141	x: 1637	y: 211	
Records jb2_new_symbol_add_to_image_and_library:	id: 142	x: 1739	y: 208	
Records jb2_new_symbol_add_to_image_and_library:	id: 143	x: 2010	y: 200	
Records jb2_new_symbol_add_to_image_and_library:	id: 144	x: 2140	y: 197	
Records jb2_new_symbol_add_to_image_and_library:	id: 145	x: 2147	y: 246	
Records jb2_new_symbol_add_to_image_and_library:	id: 146	x: 2281	y: 199	
Records jb2_new_symbol_add_to_image_and_library:	id: 147	x: 2404	y: 235	
Records jb2_new_symbol_add_to_image_and_library:	id: 148	x: 2497	y: 195	
Records jb2_new_symbol_add_to_image_and_library:	id: 149	x: 2633	y: 231	
Records jb2_new_symbol_add_to_image_and_library:	id: 150	x: 2908	y: 241	
Records jb2_new_symbol_add_to_image_and_library:	id: 151	x: 3050	y: 242	
Records jb2_new_symbol_add_to_image_and_library:	id: 152	x: 3168	y: 202	
Records jb2_new_symbol_add_to_image_and_library:	id: 153	x: 3175	y: 155	
Records jb2_new_symbol_add_to_image_and_library:	id: 154	x: 3266	y: 220	
Records jb2_matched_symbol_with_refinement_add_to_image_and_library:	id: 155	x: 3270	y: 160	
Records jb2_new_symbol_add_to_image_and_library:	id: 156	x: 3361	y: 158	
Records jb2_new_symbol_add_to_image_and_library:	id: 157	x: 40	y: 198	
Records jb2_new_symbol_add_to_image_and_library:	id: 158	x: 303	y: 240	
Records jb2_new_symbol_add_to_image_and_library:	id: 159	x: 868	y: 236	
Records jb2_new_symbol_add_to_image_and_library:	id: 160	x: 1033	y: 290	
Records jb2_new_symbol_add_to_image_and_library:	id: 161	x: 1203	y: 198	
Records jb2_new_symbol_add_to_image_and_library:	id: 162	x: 1556	y: 192	
Records jb2_new_symbol_add_to_image_and_library:	id: 163	x: 1804	y: 120	
Records jb2_new_symbol_add_to_image_and_library:	id: 164	x: 2101	y: 136	
Records jb2_new_symbol_add_to_image_and_library:	id: 165	x: 2423	y: 203	
Records jb2_new_symbol_add_to_image_and_library:	id: 166	x: 2964	y: 227	
Records jb2_new_symbol_add_to_image_and_library:	id: 167	x: 3173	y: 152	
Records jb2_new_symbol_add_to_image_and_library:	id: 168	x: 3391	y: 119	
Records jb2_new_symbol_add_to_image_and_library:	id: 169	x: 73	y: 590	
Records jb2_new_symbol_add_to_image_and_library:	id: 170	x: 353	y: 574	
Records jb2_new_symbol_add_to_image_and_library:	id: 171	x: 623	y: 573	
Records jb2_new_symbol_add_to_image_and_library:	id: 172	x: 934	y: 329	
Records jb2_new_symbol_add_to_image_and_library:	id: 173	x: 1249	y: 552	
Records jb2_new_symbol_add_to_image_and_library:	id: 174	x: 1529	y: 597	
Records jb2_new_symbol_add_to_image_and_library:	id: 175	x: 1813	y: 575	
Records jb2_new_symbol_add_to_image_and_library:	id: 176	x: 2149	y: 573	
Records jb2_new_symbol_add_to_image_and_library:	id: 177	x: 2437	y: 561	
Records jb2_new_symbol_add_to_image_and_library:	id: 178	x: 3013	y: 453	
Records jb2_new_symbol_add_to_image_and_library:	id: 179	x: 3302	y: 474	
Records jb2_new_symbol_add_to_image_and_library:	id: 180	x: 54	y: 868	
Records jb2_new_symbol_add_to_image_and_library:	id: 181	x: 331	y: 834	
Records jb2_new_symbol_add_to_image_and_library:	id: 182	x: 603	y: 886	
Records jb2_new_symbol_add_to_image_and_library:	id: 183	x: 949	y: 831	
Records jb2_new_symbol_add_to_image_and_library:	id: 184	x: 1250	y: 855	
Records jb2_new_symbol_add_to_image_and_library:	id: 185	x: 1509	y: 867	
Records jb2_new_symbol_add_to_image_and_library:	id: 186	x: 1851	y: 800	
Records jb2_new_symbol_add_to_image_and_library:	id: 187	x: 2100	y: 663	
Records jb2_new_symbol_add_to_image_and_library:	id: 188	x: 2467	y: 874	
Records jb2_new_symbol_add_to_image_and_library:	id: 189	x: 2759	y: 876	
Records jb2_new_symbol_add_to_image_and_library:	id: 190	x: 3032	y: 895	
Records jb2_new_symbol_add_to_image_and_library:	id: 191	x: 3300	y: 870	
Records jb2_new_symbol_add_to_image_and_library:	id: 192	x: 2435	y: 908	
Records jb2_new_symbol_add_to_image_and_library:	id: 193	x: 2806	y: 910	
Records jb2_end_of_data
